2014-11-26 09:19:38,570 [TestRunnerThread] FATAL TestProj.Classes.LogWriter [(null)] - C:\Users\kennedch\Documents\GitHub\vodatest\bin\Debug\ScreenshotRequirements.xml
2014-11-26 09:19:40,433 [TestRunnerThread] ERROR TestProj.Classes.LogWriter [(null)] - Screenshot requirement for method MSISDNInput not found
2014-11-26 09:19:40,872 [TestRunnerThread] INFO  TestProj.Classes.LogWriter [(null)] - IActivationActions_MSISDNInput executed in 2 seconds
2014-11-26 09:19:40,874 [TestRunnerThread] ERROR TestProj.Classes.LogWriter [(null)] - Screenshot requirement for method UsernameInput not found
2014-11-26 09:19:41,025 [TestRunnerThread] INFO  TestProj.Classes.LogWriter [(null)] - IActivationActions_UsernameInput executed in 0 seconds
2014-11-26 09:19:41,027 [TestRunnerThread] ERROR TestProj.Classes.LogWriter [(null)] - Screenshot requirement for method ActivationKeyInput not found
2014-11-26 09:19:41,148 [TestRunnerThread] INFO  TestProj.Classes.LogWriter [(null)] - IActivationActions_ActivationKeyInput executed in 0 seconds
2014-11-26 09:19:41,149 [TestRunnerThread] ERROR TestProj.Classes.LogWriter [(null)] - Screenshot requirement for method AliasInput not found
2014-11-26 09:19:41,269 [TestRunnerThread] INFO  TestProj.Classes.LogWriter [(null)] - IActivationActions_AliasInput executed in 0 seconds
2014-11-26 09:19:41,269 [TestRunnerThread] ERROR TestProj.Classes.LogWriter [(null)] - TESTCASE:ActivationFormCorrectUserDetails -> CHALLENGE ANSWER is required, but the test does not specify that it needs to be filled out. UPDATE TEST
2014-11-26 09:19:41,467 [TestRunnerThread] ERROR TestProj.Classes.LogWriter [(null)] - Screenshot requirement for method ClickNext not found
2014-11-26 09:19:41,520 [TestRunnerThread] INFO  TestProj.Classes.LogWriter [(null)] - IActivationActions_ClickNext executed in 0 seconds
2014-11-26 09:19:41,522 [TestRunnerThread] ERROR TestProj.Classes.LogWriter [(null)] - Screenshot requirement for method ValidateOTPStart not found
2014-11-26 09:19:41,903 [TestRunnerThread] ERROR TestProj.Classes.LogWriter [(null)] - TESTCASE:VerifyActivationOneTimePinLandingPage -> APPLICATION BUTTONS DO NOT SHOW. TEST CANNOT BE CREATED!
2014-11-26 09:19:41,912 [TestRunnerThread] INFO  TestProj.Classes.LogWriter [(null)] - IActivationActions_ValidateOTPStart executed in 0 seconds
2014-11-26 09:19:42,757 [TestRunnerThread] ERROR TestProj.Classes.LogWriter [(null)] - Screenshot requirement for method TestMandatoryFields not found
2014-11-26 09:19:47,831 [TestRunnerThread] INFO  TestProj.Classes.LogWriter [(null)] - IActivationActions_TestMandatoryFields executed in 5 seconds
2014-11-26 09:19:48,030 [TestRunnerThread] ERROR TestProj.Classes.LogWriter [(null)] - Screenshot requirement for method TestInvalidActivationKey not found
2014-11-26 09:19:53,123 [TestRunnerThread] INFO  TestProj.Classes.LogWriter [(null)] - IActivationActions_TestInvalidActivationKey executed in 5 seconds
2014-11-26 09:19:53,194 [TestRunnerThread] ERROR TestProj.Classes.LogWriter [(null)] - Screenshot requirement for method VerifyLogoAndBanner not found
2014-11-26 09:19:53,254 [TestRunnerThread] INFO  TestProj.Classes.LogWriter [(null)] - IActivationActions_VerifyLogoAndBanner executed in 0 seconds
2014-11-26 09:19:53,256 [TestRunnerThread] ERROR TestProj.Classes.LogWriter [(null)] - Screenshot requirement for method VerifyOnlineIndicator not found
2014-11-26 09:19:53,295 [TestRunnerThread] INFO  TestProj.Classes.LogWriter [(null)] - IActivationActions_VerifyOnlineIndicator executed in 0 seconds
2014-11-26 09:19:53,296 [TestRunnerThread] ERROR TestProj.Classes.LogWriter [(null)] - Screenshot requirement for method VerifyPageLinks not found
2014-11-26 09:19:53,369 [TestRunnerThread] INFO  TestProj.Classes.LogWriter [(null)] - IActivationActions_VerifyPageLinks executed in 0 seconds
2014-11-26 09:19:53,370 [TestRunnerThread] ERROR TestProj.Classes.LogWriter [(null)] - Screenshot requirement for method VerifyActivationPageNextButton not found
2014-11-26 09:19:58,409 [TestRunnerThread] INFO  TestProj.Classes.LogWriter [(null)] - IActivationActions_VerifyActivationPageNextButton executed in 5 seconds
2014-11-26 09:19:59,288 [TestRunnerThread] ERROR TestProj.Classes.LogWriter [(null)] - Screenshot requirement for method VerifyLogoAndBanner not found
2014-11-26 09:19:59,371 [TestRunnerThread] INFO  TestProj.Classes.LogWriter [(null)] - IActivationActions_VerifyLogoAndBanner executed in 0 seconds
2014-11-26 09:19:59,372 [TestRunnerThread] ERROR TestProj.Classes.LogWriter [(null)] - Screenshot requirement for method VerifyOnlineIndicator not found
2014-11-26 09:19:59,408 [TestRunnerThread] INFO  TestProj.Classes.LogWriter [(null)] - IActivationActions_VerifyOnlineIndicator executed in 0 seconds
2014-11-26 09:19:59,408 [TestRunnerThread] ERROR TestProj.Classes.LogWriter [(null)] - Screenshot requirement for method VerifyPageLinks not found
2014-11-26 09:19:59,472 [TestRunnerThread] INFO  TestProj.Classes.LogWriter [(null)] - IActivationActions_VerifyPageLinks executed in 0 seconds
2014-11-26 09:19:59,472 [TestRunnerThread] ERROR TestProj.Classes.LogWriter [(null)] - Cannot check spelling and grammer automatically
2014-11-26 09:19:59,473 [TestRunnerThread] ERROR TestProj.Classes.LogWriter [(null)] - Screenshot requirement for method VerifyOTPNextButton not found
2014-11-26 09:19:59,483 [TestRunnerThread] ERROR TestProj.Classes.LogWriter [(null)] - TESTCASE:VerifyActivationLandingPage -> What css class is used to disable the next button?
2014-11-26 09:19:59,498 [TestRunnerThread] ERROR TestProj.Classes.LogWriter [(null)] - TESTCASE:VerifyActivationLandingPage -> Cannot evaluate the color of the next button, just the css class
2014-11-26 09:19:59,498 [TestRunnerThread] ERROR TestProj.Classes.LogWriter [(null)] - TESTCASE:VerifyActivationLandingPage -> Cannot evaluate the color of the text on the next button, just the css class
2014-11-26 09:19:59,499 [TestRunnerThread] INFO  TestProj.Classes.LogWriter [(null)] - IActivationActions_VerifyOTPNextButton executed in 0 seconds
2014-11-26 09:19:59,500 [TestRunnerThread] ERROR TestProj.Classes.LogWriter [(null)] - Screenshot requirement for method VerifyResendButton not found
2014-11-26 09:19:59,510 [TestRunnerThread] ERROR TestProj.Classes.LogWriter [(null)] - TESTCASE:VerifyResendButton -> What css class is used to disable the next button?
2014-11-26 09:19:59,526 [TestRunnerThread] ERROR TestProj.Classes.LogWriter [(null)] - TESTCASE:VerifyActivationLandingPage -> Cannot evaluate the color of the resend button, just the css class
2014-11-26 09:19:59,526 [TestRunnerThread] ERROR TestProj.Classes.LogWriter [(null)] - TESTCASE:VerifyActivationLandingPage -> Cannot evaluate the color of the text on the resend button, just the css class
2014-11-26 09:19:59,527 [TestRunnerThread] INFO  TestProj.Classes.LogWriter [(null)] - IActivationActions_VerifyResendButton executed in 0 seconds
2014-11-26 09:19:59,528 [TestRunnerThread] ERROR TestProj.Classes.LogWriter [(null)] - Screenshot requirement for method VerifyOntTimeLable not found
2014-11-26 09:19:59,543 [TestRunnerThread] ERROR TestProj.Classes.LogWriter [(null)] - TESTCASE:VerifyActivationOneTimePinLandingPage -> APPLICATION BUTTONS DO NOT SHOW. TEST CANNOT BE CREATED!
2014-11-26 09:19:59,544 [TestRunnerThread] INFO  TestProj.Classes.LogWriter [(null)] - IActivationActions_VerifyOntTimeLable executed in 0 seconds
2014-11-26 09:19:59,545 [TestRunnerThread] ERROR TestProj.Classes.LogWriter [(null)] - Screenshot requirement for method VerifyOTPErrorMessage not found
2014-11-26 09:19:59,551 [TestRunnerThread] INFO  TestProj.Classes.LogWriter [(null)] - IActivationActions_VerifyOTPErrorMessage executed in 0 seconds
2014-11-26 10:23:05,691 [TestRunnerThread] FATAL TestProj.Classes.LogWriter [(null)] - C:\Users\kennedch\Documents\GitHub\vodatest\bin\Debug\ScreenshotRequirements.xml
2014-11-26 10:23:06,391 [TestRunnerThread] ERROR TestProj.Classes.LogWriter [(null)] - Screenshot requirement for method MSISDNInput not found
2014-11-26 10:23:06,782 [TestRunnerThread] INFO  TestProj.Classes.LogWriter [(null)] - IActivationActions_MSISDNInput executed in 1 seconds
2014-11-26 10:23:06,784 [TestRunnerThread] ERROR TestProj.Classes.LogWriter [(null)] - Screenshot requirement for method UsernameInput not found
2014-11-26 10:23:06,930 [TestRunnerThread] INFO  TestProj.Classes.LogWriter [(null)] - IActivationActions_UsernameInput executed in 0 seconds
2014-11-26 10:23:06,932 [TestRunnerThread] ERROR TestProj.Classes.LogWriter [(null)] - Screenshot requirement for method ActivationKeyInput not found
2014-11-26 10:23:07,058 [TestRunnerThread] INFO  TestProj.Classes.LogWriter [(null)] - IActivationActions_ActivationKeyInput executed in 0 seconds
2014-11-26 10:23:07,060 [TestRunnerThread] ERROR TestProj.Classes.LogWriter [(null)] - Screenshot requirement for method AliasInput not found
2014-11-26 10:23:07,168 [TestRunnerThread] INFO  TestProj.Classes.LogWriter [(null)] - IActivationActions_AliasInput executed in 0 seconds
2014-11-26 10:23:07,169 [TestRunnerThread] ERROR TestProj.Classes.LogWriter [(null)] - TESTCASE:ActivationFormCorrectUserDetails -> CHALLENGE ANSWER is required, but the test does not specify that it needs to be filled out. UPDATE TEST
2014-11-26 10:23:07,297 [TestRunnerThread] ERROR TestProj.Classes.LogWriter [(null)] - Screenshot requirement for method ClickNext not found
2014-11-26 10:23:07,343 [TestRunnerThread] INFO  TestProj.Classes.LogWriter [(null)] - IActivationActions_ClickNext executed in 0 seconds
2014-11-26 10:23:07,344 [TestRunnerThread] ERROR TestProj.Classes.LogWriter [(null)] - Screenshot requirement for method ValidateOTPStart not found
2014-11-26 10:23:07,501 [TestRunnerThread] ERROR TestProj.Classes.LogWriter [(null)] - TESTCASE:VerifyActivationOneTimePinLandingPage -> APPLICATION BUTTONS DO NOT SHOW. TEST CANNOT BE CREATED!
2014-11-26 10:23:07,510 [TestRunnerThread] INFO  TestProj.Classes.LogWriter [(null)] - IActivationActions_ValidateOTPStart executed in 0 seconds
2014-11-26 10:23:07,631 [TestRunnerThread] ERROR TestProj.Classes.LogWriter [(null)] - Screenshot requirement for method TestMandatoryFields not found
2014-11-26 10:23:12,758 [TestRunnerThread] INFO  TestProj.Classes.LogWriter [(null)] - IActivationActions_TestMandatoryFields executed in 5 seconds
2014-11-26 10:23:12,787 [TestRunnerThread] ERROR TestProj.Classes.LogWriter [(null)] - Screenshot requirement for method TestInvalidActivationKey not found
2014-11-26 10:23:17,792 [TestRunnerThread] INFO  TestProj.Classes.LogWriter [(null)] - IActivationActions_TestInvalidActivationKey executed in 5 seconds
2014-11-26 10:23:17,830 [TestRunnerThread] ERROR TestProj.Classes.LogWriter [(null)] - Screenshot requirement for method VerifyLogoAndBanner not found
2014-11-26 10:23:17,887 [TestRunnerThread] INFO  TestProj.Classes.LogWriter [(null)] - IActivationActions_VerifyLogoAndBanner executed in 0 seconds
2014-11-26 10:23:17,888 [TestRunnerThread] ERROR TestProj.Classes.LogWriter [(null)] - Screenshot requirement for method VerifyOnlineIndicator not found
2014-11-26 10:23:17,928 [TestRunnerThread] INFO  TestProj.Classes.LogWriter [(null)] - IActivationActions_VerifyOnlineIndicator executed in 0 seconds
2014-11-26 10:23:17,930 [TestRunnerThread] ERROR TestProj.Classes.LogWriter [(null)] - Screenshot requirement for method VerifyPageLinks not found
2014-11-26 10:23:18,002 [TestRunnerThread] INFO  TestProj.Classes.LogWriter [(null)] - IActivationActions_VerifyPageLinks executed in 0 seconds
2014-11-26 10:23:18,003 [TestRunnerThread] ERROR TestProj.Classes.LogWriter [(null)] - Screenshot requirement for method VerifyActivationPageNextButton not found
2014-11-26 10:23:23,054 [TestRunnerThread] INFO  TestProj.Classes.LogWriter [(null)] - IActivationActions_VerifyActivationPageNextButton executed in 5 seconds
2014-11-26 10:23:30,190 [TestRunnerThread] ERROR TestProj.Classes.LogWriter [(null)] - Screenshot requirement for method VerifyLogoAndBanner not found
2014-11-26 10:23:30,272 [TestRunnerThread] INFO  TestProj.Classes.LogWriter [(null)] - IActivationActions_VerifyLogoAndBanner executed in 0 seconds
2014-11-26 10:23:30,273 [TestRunnerThread] ERROR TestProj.Classes.LogWriter [(null)] - Screenshot requirement for method VerifyOnlineIndicator not found
2014-11-26 10:23:30,309 [TestRunnerThread] INFO  TestProj.Classes.LogWriter [(null)] - IActivationActions_VerifyOnlineIndicator executed in 0 seconds
2014-11-26 10:23:30,310 [TestRunnerThread] ERROR TestProj.Classes.LogWriter [(null)] - Screenshot requirement for method VerifyPageLinks not found
2014-11-26 10:23:30,373 [TestRunnerThread] INFO  TestProj.Classes.LogWriter [(null)] - IActivationActions_VerifyPageLinks executed in 0 seconds
2014-11-26 10:23:30,374 [TestRunnerThread] ERROR TestProj.Classes.LogWriter [(null)] - Cannot check spelling and grammer automatically
2014-11-26 10:23:30,375 [TestRunnerThread] ERROR TestProj.Classes.LogWriter [(null)] - Screenshot requirement for method VerifyOTPNextButton not found
2014-11-26 10:23:30,384 [TestRunnerThread] ERROR TestProj.Classes.LogWriter [(null)] - TESTCASE:VerifyActivationLandingPage -> What css class is used to disable the next button?
2014-11-26 10:23:30,400 [TestRunnerThread] ERROR TestProj.Classes.LogWriter [(null)] - TESTCASE:VerifyActivationLandingPage -> Cannot evaluate the color of the next button, just the css class
2014-11-26 10:23:30,400 [TestRunnerThread] ERROR TestProj.Classes.LogWriter [(null)] - TESTCASE:VerifyActivationLandingPage -> Cannot evaluate the color of the text on the next button, just the css class
2014-11-26 10:23:30,401 [TestRunnerThread] INFO  TestProj.Classes.LogWriter [(null)] - IActivationActions_VerifyOTPNextButton executed in 0 seconds
2014-11-26 10:23:30,402 [TestRunnerThread] ERROR TestProj.Classes.LogWriter [(null)] - Screenshot requirement for method VerifyResendButton not found
2014-11-26 10:23:30,417 [TestRunnerThread] ERROR TestProj.Classes.LogWriter [(null)] - TESTCASE:VerifyResendButton -> What css class is used to disable the next button?
2014-11-26 10:23:30,432 [TestRunnerThread] ERROR TestProj.Classes.LogWriter [(null)] - TESTCASE:VerifyActivationLandingPage -> Cannot evaluate the color of the resend button, just the css class
2014-11-26 10:23:30,433 [TestRunnerThread] ERROR TestProj.Classes.LogWriter [(null)] - TESTCASE:VerifyActivationLandingPage -> Cannot evaluate the color of the text on the resend button, just the css class
2014-11-26 10:23:30,433 [TestRunnerThread] INFO  TestProj.Classes.LogWriter [(null)] - IActivationActions_VerifyResendButton executed in 0 seconds
2014-11-26 10:23:30,434 [TestRunnerThread] ERROR TestProj.Classes.LogWriter [(null)] - Screenshot requirement for method VerifyOntTimeLable not found
2014-11-26 10:23:30,450 [TestRunnerThread] ERROR TestProj.Classes.LogWriter [(null)] - TESTCASE:VerifyActivationOneTimePinLandingPage -> APPLICATION BUTTONS DO NOT SHOW. TEST CANNOT BE CREATED!
2014-11-26 10:23:30,450 [TestRunnerThread] INFO  TestProj.Classes.LogWriter [(null)] - IActivationActions_VerifyOntTimeLable executed in 0 seconds
2014-11-26 10:23:30,452 [TestRunnerThread] ERROR TestProj.Classes.LogWriter [(null)] - Screenshot requirement for method VerifyOTPErrorMessage not found
2014-11-26 10:23:30,458 [TestRunnerThread] INFO  TestProj.Classes.LogWriter [(null)] - IActivationActions_VerifyOTPErrorMessage executed in 0 seconds
2014-11-26 10:38:43,296 [TestRunnerThread] FATAL TestProj.Classes.LogWriter [(null)] - C:\Users\kennedch\Documents\GitHub\vodatest\bin\Debug\ScreenshotRequirements.xml
2014-11-26 10:38:43,958 [TestRunnerThread] ERROR TestProj.Classes.LogWriter [(null)] - Screenshot requirement for method MSISDNInput not found
2014-11-26 10:38:44,280 [TestRunnerThread] INFO  TestProj.Classes.LogWriter [(null)] - IActivationActions_MSISDNInput executed in 1 seconds
2014-11-26 10:38:44,282 [TestRunnerThread] ERROR TestProj.Classes.LogWriter [(null)] - Screenshot requirement for method UsernameInput not found
2014-11-26 10:38:44,396 [TestRunnerThread] INFO  TestProj.Classes.LogWriter [(null)] - IActivationActions_UsernameInput executed in 0 seconds
2014-11-26 10:38:44,397 [TestRunnerThread] ERROR TestProj.Classes.LogWriter [(null)] - Screenshot requirement for method ActivationKeyInput not found
2014-11-26 10:38:44,503 [TestRunnerThread] INFO  TestProj.Classes.LogWriter [(null)] - IActivationActions_ActivationKeyInput executed in 0 seconds
2014-11-26 10:38:44,505 [TestRunnerThread] ERROR TestProj.Classes.LogWriter [(null)] - Screenshot requirement for method AliasInput not found
2014-11-26 10:38:44,611 [TestRunnerThread] INFO  TestProj.Classes.LogWriter [(null)] - IActivationActions_AliasInput executed in 0 seconds
2014-11-26 10:38:44,611 [TestRunnerThread] ERROR TestProj.Classes.LogWriter [(null)] - TESTCASE:ActivationFormCorrectUserDetails -> CHALLENGE ANSWER is required, but the test does not specify that it needs to be filled out. UPDATE TEST
2014-11-26 10:38:44,720 [TestRunnerThread] ERROR TestProj.Classes.LogWriter [(null)] - Screenshot requirement for method ClickNext not found
2014-11-26 10:38:44,765 [TestRunnerThread] INFO  TestProj.Classes.LogWriter [(null)] - IActivationActions_ClickNext executed in 0 seconds
2014-11-26 10:38:44,766 [TestRunnerThread] ERROR TestProj.Classes.LogWriter [(null)] - Screenshot requirement for method ValidateOTPStart not found
2014-11-26 10:38:45,455 [TestRunnerThread] ERROR TestProj.Classes.LogWriter [(null)] - TESTCASE:VerifyActivationOneTimePinLandingPage -> APPLICATION BUTTONS DO NOT SHOW. TEST CANNOT BE CREATED!
2014-11-26 10:38:45,464 [TestRunnerThread] INFO  TestProj.Classes.LogWriter [(null)] - IActivationActions_ValidateOTPStart executed in 0 seconds
2014-11-26 10:41:30,404 [TestRunnerThread] FATAL TestProj.Classes.LogWriter [(null)] - C:\Users\kennedch\Documents\GitHub\vodatest\bin\Debug\ScreenshotRequirements.xml
2014-11-26 10:41:31,108 [TestRunnerThread] ERROR TestProj.Classes.LogWriter [(null)] - Screenshot requirement for method MSISDNInput not found
2014-11-26 10:41:31,474 [TestRunnerThread] INFO  TestProj.Classes.LogWriter [(null)] - IActivationActions_MSISDNInput executed in 1 seconds
2014-11-26 10:41:31,476 [TestRunnerThread] ERROR TestProj.Classes.LogWriter [(null)] - Screenshot requirement for method UsernameInput not found
2014-11-26 10:41:31,593 [TestRunnerThread] INFO  TestProj.Classes.LogWriter [(null)] - IActivationActions_UsernameInput executed in 0 seconds
2014-11-26 10:41:31,594 [TestRunnerThread] ERROR TestProj.Classes.LogWriter [(null)] - Screenshot requirement for method ActivationKeyInput not found
2014-11-26 10:41:31,701 [TestRunnerThread] INFO  TestProj.Classes.LogWriter [(null)] - IActivationActions_ActivationKeyInput executed in 0 seconds
2014-11-26 10:41:31,702 [TestRunnerThread] ERROR TestProj.Classes.LogWriter [(null)] - Screenshot requirement for method AliasInput not found
2014-11-26 10:41:31,808 [TestRunnerThread] INFO  TestProj.Classes.LogWriter [(null)] - IActivationActions_AliasInput executed in 0 seconds
2014-11-26 10:41:31,808 [TestRunnerThread] ERROR TestProj.Classes.LogWriter [(null)] - TESTCASE:ActivationFormCorrectUserDetails -> CHALLENGE ANSWER is required, but the test does not specify that it needs to be filled out. UPDATE TEST
2014-11-26 10:41:31,935 [TestRunnerThread] ERROR TestProj.Classes.LogWriter [(null)] - Screenshot requirement for method ClickNext not found
2014-11-26 10:41:31,979 [TestRunnerThread] INFO  TestProj.Classes.LogWriter [(null)] - IActivationActions_ClickNext executed in 0 seconds
2014-11-26 10:41:31,980 [TestRunnerThread] ERROR TestProj.Classes.LogWriter [(null)] - Screenshot requirement for method ValidateOTPStart not found
2014-11-26 10:41:32,649 [TestRunnerThread] ERROR TestProj.Classes.LogWriter [(null)] - TESTCASE:VerifyActivationOneTimePinLandingPage -> APPLICATION BUTTONS DO NOT SHOW. TEST CANNOT BE CREATED!
2014-11-26 10:41:32,656 [TestRunnerThread] INFO  TestProj.Classes.LogWriter [(null)] - IActivationActions_ValidateOTPStart executed in 0 seconds
2014-11-26 10:54:04,968 [TestRunnerThread] INFO  TestProj.Classes.LogWriter [(null)] - execute CorrectOneTimePinAndApplicationOffline
2014-11-26 10:54:20,111 [TestRunnerThread] FATAL TestProj.Classes.LogWriter [(null)] - C:\Users\kennedch\Documents\GitHub\vodatest\bin\Debug\ScreenshotRequirements.xml
2014-11-26 10:54:20,739 [TestRunnerThread] ERROR TestProj.Classes.LogWriter [(null)] - Screenshot requirement for method MSISDNInput not found
2014-11-26 10:54:22,182 [TestRunnerThread] INFO  TestProj.Classes.LogWriter [(null)] - IActivationActions_MSISDNInput executed in 2 seconds
2014-11-26 10:54:22,184 [TestRunnerThread] ERROR TestProj.Classes.LogWriter [(null)] - Screenshot requirement for method UsernameInput not found
2014-11-26 10:54:22,296 [TestRunnerThread] INFO  TestProj.Classes.LogWriter [(null)] - IActivationActions_UsernameInput executed in 0 seconds
2014-11-26 10:54:22,297 [TestRunnerThread] ERROR TestProj.Classes.LogWriter [(null)] - Screenshot requirement for method ActivationKeyInput not found
2014-11-26 10:54:22,408 [TestRunnerThread] INFO  TestProj.Classes.LogWriter [(null)] - IActivationActions_ActivationKeyInput executed in 0 seconds
2014-11-26 10:54:22,409 [TestRunnerThread] ERROR TestProj.Classes.LogWriter [(null)] - Screenshot requirement for method AliasInput not found
2014-11-26 10:54:22,517 [TestRunnerThread] INFO  TestProj.Classes.LogWriter [(null)] - IActivationActions_AliasInput executed in 0 seconds
2014-11-26 10:54:22,517 [TestRunnerThread] ERROR TestProj.Classes.LogWriter [(null)] - TESTCASE:ActivationFormCorrectUserDetails -> CHALLENGE ANSWER is required, but the test does not specify that it needs to be filled out. UPDATE TEST
2014-11-26 10:54:22,646 [TestRunnerThread] ERROR TestProj.Classes.LogWriter [(null)] - Screenshot requirement for method ClickNext not found
2014-11-26 10:54:22,691 [TestRunnerThread] INFO  TestProj.Classes.LogWriter [(null)] - IActivationActions_ClickNext executed in 0 seconds
2014-11-26 10:54:22,692 [TestRunnerThread] ERROR TestProj.Classes.LogWriter [(null)] - Screenshot requirement for method ValidateOTPStart not found
2014-11-26 10:54:23,722 [TestRunnerThread] ERROR TestProj.Classes.LogWriter [(null)] - TESTCASE:VerifyActivationOneTimePinLandingPage -> APPLICATION BUTTONS DO NOT SHOW. TEST CANNOT BE CREATED!
2014-11-26 10:54:23,733 [TestRunnerThread] INFO  TestProj.Classes.LogWriter [(null)] - IActivationActions_ValidateOTPStart executed in 1 seconds
2014-11-26 10:55:22,464 [TestRunnerThread] INFO  TestProj.Classes.LogWriter [(null)] - execute CorrectOneTimePinAndApplicationOffline
2014-11-26 10:56:25,521 [TestRunnerThread] INFO  TestProj.Classes.LogWriter [(null)] - execute CorrectOneTimePinAndApplicationOffline
2014-11-26 10:57:53,373 [TestRunnerThread] INFO  TestProj.Classes.LogWriter [(null)] - execute CorrectOneTimePinAndApplicationOffline
2014-11-26 11:00:49,404 [TestRunnerThread] INFO  TestProj.Classes.LogWriter [(null)] - execute CorrectOneTimePinAndApplicationOffline
2014-11-26 11:00:57,083 [TestRunnerThread] INFO  TestProj.Classes.LogWriter [(null)] - About to enter OTP
2014-11-26 11:02:44,165 [TestRunnerThread] INFO  TestProj.Classes.LogWriter [(null)] - execute CorrectOneTimePinAndApplicationOffline
2014-11-26 11:02:56,337 [TestRunnerThread] INFO  TestProj.Classes.LogWriter [(null)] - About to enter OTP
2014-11-26 11:03:51,755 [TestRunnerThread] INFO  TestProj.Classes.LogWriter [(null)] - execute CorrectOneTimePinAndApplicationOffline
2014-11-26 11:04:12,759 [TestRunnerThread] INFO  TestProj.Classes.LogWriter [(null)] - About to enter OTP
2014-11-26 11:04:12,759 [TestRunnerThread] INFO  TestProj.Classes.LogWriter [(null)] - OTP entered
2014-11-26 11:05:02,037 [TestRunnerThread] INFO  TestProj.Classes.LogWriter [(null)] - execute CorrectOneTimePinAndApplicationOffline
2014-11-26 11:05:09,864 [TestRunnerThread] INFO  TestProj.Classes.LogWriter [(null)] - About to enter OTP
2014-11-26 11:07:25,674 [TestRunnerThread] INFO  TestProj.Classes.LogWriter [(null)] - execute CorrectOneTimePinAndApplicationOffline
2014-11-26 11:07:30,457 [TestRunnerThread] INFO  TestProj.Classes.LogWriter [(null)] - About to enter OTP
2014-11-26 11:33:42,225 [TestRunnerThread] INFO  TestProj.Classes.LogWriter [(null)] - execute CorrectOneTimePinAndApplicationOffline
2014-11-26 11:33:51,728 [TestRunnerThread] INFO  TestProj.Classes.LogWriter [(null)] - About to enter OTP
2014-11-26 11:33:52,577 [TestRunnerThread] INFO  TestProj.Classes.LogWriter [(null)] - OTP entered
2014-11-26 11:35:26,044 [TestRunnerThread] INFO  TestProj.Classes.LogWriter [(null)] - execute CorrectOneTimePinAndApplicationOffline
2014-11-26 11:35:34,355 [TestRunnerThread] INFO  TestProj.Classes.LogWriter [(null)] - About to enter OTP
2014-11-26 11:35:54,747 [TestRunnerThread] FATAL TestProj.Classes.LogWriter [(null)] - C:\Users\kennedch\Documents\GitHub\vodatest\bin\Debug\ScreenshotRequirements.xml
2014-11-26 11:35:55,384 [TestRunnerThread] ERROR TestProj.Classes.LogWriter [(null)] - Screenshot requirement for method ClickNext not found
2014-11-26 11:36:00,479 [TestRunnerThread] INFO  TestProj.Classes.LogWriter [(null)] - IActivationActions_ClickNext executed in 5 seconds
2014-11-26 12:02:02,557 [TestRunnerThread] ERROR TestProj.Classes.LogWriter [(null)] - TESTCASE:CorrectOneTimePinAndApplicationOffline -> Cannot simulate the off-line status as the browser will allways be online
2014-11-26 12:02:02,607 [TestRunnerThread] FATAL TestProj.Classes.LogWriter [(null)] - C:\Users\kennedch\Documents\GitHub\vodatest\bin\Debug\ScreenshotRequirements.xml
2014-11-26 12:02:03,250 [TestRunnerThread] ERROR TestProj.Classes.LogWriter [(null)] - Screenshot requirement for method ClickNext not found
2014-11-26 12:02:08,334 [TestRunnerThread] INFO  TestProj.Classes.LogWriter [(null)] - IActivationActions_ClickNext executed in 5 seconds
2014-11-26 12:42:27,643 [TestRunnerThread] ERROR TestProj.Classes.LogWriter [(null)] - Screenshot requirement for method EnterAndVerifyOTPValue not found
2014-11-26 12:42:28,082 [TestRunnerThread] INFO  TestProj.Classes.LogWriter [(null)] - IActivationActions_EnterAndVerifyOTPValue executed in 1 seconds
2014-11-26 12:42:28,085 [TestRunnerThread] ERROR TestProj.Classes.LogWriter [(null)] - Screenshot requirement for method ClickNext not found
2014-11-26 12:42:33,177 [TestRunnerThread] INFO  TestProj.Classes.LogWriter [(null)] - IActivationActions_ClickNext executed in 5 seconds
2014-11-26 12:43:18,735 [TestRunnerThread] ERROR TestProj.Classes.LogWriter [(null)] - Screenshot requirement for method EnterAndVerifyOTPValue not found
2014-11-26 12:43:18,964 [TestRunnerThread] INFO  TestProj.Classes.LogWriter [(null)] - IActivationActions_EnterAndVerifyOTPValue executed in 0 seconds
2014-11-26 12:43:18,965 [TestRunnerThread] ERROR TestProj.Classes.LogWriter [(null)] - Screenshot requirement for method ClickNext not found
2014-11-26 12:43:24,051 [TestRunnerThread] INFO  TestProj.Classes.LogWriter [(null)] - IActivationActions_ClickNext executed in 5 seconds
2014-11-26 12:45:47,834 [TestRunnerThread] ERROR TestProj.Classes.LogWriter [(null)] - Screenshot requirement for method MSISDNInput not found
2014-11-26 12:45:48,241 [TestRunnerThread] INFO  TestProj.Classes.LogWriter [(null)] - IActivationActions_MSISDNInput executed in 0 seconds
2014-11-26 12:45:48,243 [TestRunnerThread] ERROR TestProj.Classes.LogWriter [(null)] - Screenshot requirement for method UsernameInput not found
2014-11-26 12:45:48,365 [TestRunnerThread] INFO  TestProj.Classes.LogWriter [(null)] - IActivationActions_UsernameInput executed in 0 seconds
2014-11-26 12:45:48,367 [TestRunnerThread] ERROR TestProj.Classes.LogWriter [(null)] - Screenshot requirement for method ActivationKeyInput not found
2014-11-26 12:45:48,462 [TestRunnerThread] INFO  TestProj.Classes.LogWriter [(null)] - IActivationActions_ActivationKeyInput executed in 0 seconds
2014-11-26 12:45:48,463 [TestRunnerThread] ERROR TestProj.Classes.LogWriter [(null)] - Screenshot requirement for method AliasInput not found
2014-11-26 12:45:48,574 [TestRunnerThread] INFO  TestProj.Classes.LogWriter [(null)] - IActivationActions_AliasInput executed in 0 seconds
2014-11-26 12:45:48,575 [TestRunnerThread] ERROR TestProj.Classes.LogWriter [(null)] - TESTCASE:ActivationFormCorrectUserDetails -> CHALLENGE ANSWER is required, but the test does not specify that it needs to be filled out. UPDATE TEST
2014-11-26 12:45:48,700 [TestRunnerThread] ERROR TestProj.Classes.LogWriter [(null)] - Screenshot requirement for method ClickNext not found
2014-11-26 12:45:48,743 [TestRunnerThread] INFO  TestProj.Classes.LogWriter [(null)] - IActivationActions_ClickNext executed in 0 seconds
2014-11-26 12:45:48,744 [TestRunnerThread] ERROR TestProj.Classes.LogWriter [(null)] - Screenshot requirement for method ValidateOTPStart not found
2014-11-26 12:45:49,053 [TestRunnerThread] ERROR TestProj.Classes.LogWriter [(null)] - TESTCASE:VerifyActivationOneTimePinLandingPage -> APPLICATION BUTTONS DO NOT SHOW. TEST CANNOT BE CREATED!
2014-11-26 12:45:49,071 [TestRunnerThread] INFO  TestProj.Classes.LogWriter [(null)] - IActivationActions_ValidateOTPStart executed in 0 seconds
2014-11-26 12:45:49,180 [TestRunnerThread] ERROR TestProj.Classes.LogWriter [(null)] - Screenshot requirement for method TestMandatoryFields not found
2014-11-26 12:45:54,325 [TestRunnerThread] INFO  TestProj.Classes.LogWriter [(null)] - IActivationActions_TestMandatoryFields executed in 5 seconds
2014-11-26 12:45:54,338 [TestRunnerThread] ERROR TestProj.Classes.LogWriter [(null)] - Screenshot requirement for method TestInvalidActivationKey not found
2014-11-26 12:45:59,393 [TestRunnerThread] INFO  TestProj.Classes.LogWriter [(null)] - IActivationActions_TestInvalidActivationKey executed in 5 seconds
2014-11-26 12:46:00,671 [TestRunnerThread] ERROR TestProj.Classes.LogWriter [(null)] - Screenshot requirement for method EnterAndVerifyOTPValue not found
2014-11-26 12:46:00,824 [TestRunnerThread] INFO  TestProj.Classes.LogWriter [(null)] - IActivationActions_EnterAndVerifyOTPValue executed in 0 seconds
2014-11-26 12:46:00,824 [TestRunnerThread] ERROR TestProj.Classes.LogWriter [(null)] - Screenshot requirement for method ClickNext not found
2014-11-26 12:46:05,908 [TestRunnerThread] INFO  TestProj.Classes.LogWriter [(null)] - IActivationActions_ClickNext executed in 5 seconds
2014-11-26 12:46:06,066 [TestRunnerThread] ERROR TestProj.Classes.LogWriter [(null)] - Screenshot requirement for method VerifyLogoAndBanner not found
2014-11-26 12:46:06,256 [TestRunnerThread] INFO  TestProj.Classes.LogWriter [(null)] - IActivationActions_VerifyLogoAndBanner executed in 0 seconds
2014-11-26 12:46:06,258 [TestRunnerThread] ERROR TestProj.Classes.LogWriter [(null)] - Screenshot requirement for method VerifyOnlineIndicator not found
2014-11-26 12:46:06,304 [TestRunnerThread] INFO  TestProj.Classes.LogWriter [(null)] - IActivationActions_VerifyOnlineIndicator executed in 0 seconds
2014-11-26 12:46:06,306 [TestRunnerThread] ERROR TestProj.Classes.LogWriter [(null)] - Screenshot requirement for method VerifyPageLinks not found
2014-11-26 12:46:06,370 [TestRunnerThread] INFO  TestProj.Classes.LogWriter [(null)] - IActivationActions_VerifyPageLinks executed in 0 seconds
2014-11-26 12:46:06,372 [TestRunnerThread] ERROR TestProj.Classes.LogWriter [(null)] - Screenshot requirement for method VerifyActivationPageNextButton not found
2014-11-26 12:46:06,381 [TestRunnerThread] ERROR TestProj.Classes.LogWriter [(null)] - TESTCASE:VerifyActivationLandingPage -> What css class is used to disable the next button?
2014-11-26 12:46:06,396 [TestRunnerThread] ERROR TestProj.Classes.LogWriter [(null)] - TESTCASE:VerifyActivationLandingPage -> Cannot evaluate the color of the next button, just the css class
2014-11-26 12:46:06,397 [TestRunnerThread] ERROR TestProj.Classes.LogWriter [(null)] - TESTCASE:VerifyActivationLandingPage -> Cannot evaluate the color of the text on the next button, just the css class
2014-11-26 12:46:06,397 [TestRunnerThread] INFO  TestProj.Classes.LogWriter [(null)] - IActivationActions_VerifyActivationPageNextButton executed in 0 seconds
2014-11-26 12:46:06,398 [TestRunnerThread] ERROR TestProj.Classes.LogWriter [(null)] - Screenshot requirement for method VerifyFieldExist not found
2014-11-26 12:46:06,446 [TestRunnerThread] ERROR TestProj.Classes.LogWriter [(null)] - TESTCASE:VerifyActivationLandingPage -> Two extra fields found on the screen, challengeQuestion and challengeAnswer.
2014-11-26 12:46:06,446 [TestRunnerThread] ERROR TestProj.Classes.LogWriter [(null)] - TESTCASE:VerifyActivationLandingPage -> APPLICATION BUTTONS DO NOT SHOW. TEST CANNOT BE CREATED!
2014-11-26 12:46:06,446 [TestRunnerThread] INFO  TestProj.Classes.LogWriter [(null)] - IActivationActions_VerifyFieldExist executed in 0 seconds
2014-11-26 12:46:06,481 [TestRunnerThread] ERROR TestProj.Classes.LogWriter [(null)] - Screenshot requirement for method VerifyLogoAndBanner not found
2014-11-26 12:46:06,533 [TestRunnerThread] INFO  TestProj.Classes.LogWriter [(null)] - IActivationActions_VerifyLogoAndBanner executed in 0 seconds
2014-11-26 12:46:06,534 [TestRunnerThread] ERROR TestProj.Classes.LogWriter [(null)] - Screenshot requirement for method VerifyOnlineIndicator not found
2014-11-26 12:46:06,565 [TestRunnerThread] INFO  TestProj.Classes.LogWriter [(null)] - IActivationActions_VerifyOnlineIndicator executed in 0 seconds
2014-11-26 12:46:06,565 [TestRunnerThread] ERROR TestProj.Classes.LogWriter [(null)] - Screenshot requirement for method VerifyPageLinks not found
2014-11-26 12:46:06,611 [TestRunnerThread] INFO  TestProj.Classes.LogWriter [(null)] - IActivationActions_VerifyPageLinks executed in 0 seconds
2014-11-26 12:46:06,611 [TestRunnerThread] ERROR TestProj.Classes.LogWriter [(null)] - Cannot check spelling and grammer automatically
2014-11-26 12:46:06,612 [TestRunnerThread] ERROR TestProj.Classes.LogWriter [(null)] - Screenshot requirement for method VerifyOTPNextButton not found
2014-11-26 12:46:06,622 [TestRunnerThread] ERROR TestProj.Classes.LogWriter [(null)] - TESTCASE:VerifyActivationLandingPage -> What css class is used to disable the next button?
2014-11-26 12:46:06,637 [TestRunnerThread] ERROR TestProj.Classes.LogWriter [(null)] - TESTCASE:VerifyActivationLandingPage -> Cannot evaluate the color of the next button, just the css class
2014-11-26 12:46:06,638 [TestRunnerThread] ERROR TestProj.Classes.LogWriter [(null)] - TESTCASE:VerifyActivationLandingPage -> Cannot evaluate the color of the text on the next button, just the css class
2014-11-26 12:46:06,638 [TestRunnerThread] INFO  TestProj.Classes.LogWriter [(null)] - IActivationActions_VerifyOTPNextButton executed in 0 seconds
2014-11-26 12:46:06,639 [TestRunnerThread] ERROR TestProj.Classes.LogWriter [(null)] - Screenshot requirement for method VerifyResendButton not found
2014-11-26 12:46:06,649 [TestRunnerThread] ERROR TestProj.Classes.LogWriter [(null)] - TESTCASE:VerifyResendButton -> What css class is used to disable the next button?
2014-11-26 12:46:06,664 [TestRunnerThread] ERROR TestProj.Classes.LogWriter [(null)] - TESTCASE:VerifyActivationLandingPage -> Cannot evaluate the color of the resend button, just the css class
2014-11-26 12:46:06,664 [TestRunnerThread] ERROR TestProj.Classes.LogWriter [(null)] - TESTCASE:VerifyActivationLandingPage -> Cannot evaluate the color of the text on the resend button, just the css class
2014-11-26 12:46:06,665 [TestRunnerThread] INFO  TestProj.Classes.LogWriter [(null)] - IActivationActions_VerifyResendButton executed in 0 seconds
2014-11-26 12:46:06,666 [TestRunnerThread] ERROR TestProj.Classes.LogWriter [(null)] - Screenshot requirement for method VerifyOntTimeLable not found
2014-11-26 12:46:06,682 [TestRunnerThread] ERROR TestProj.Classes.LogWriter [(null)] - TESTCASE:VerifyActivationOneTimePinLandingPage -> APPLICATION BUTTONS DO NOT SHOW. TEST CANNOT BE CREATED!
2014-11-26 12:46:06,683 [TestRunnerThread] INFO  TestProj.Classes.LogWriter [(null)] - IActivationActions_VerifyOntTimeLable executed in 0 seconds
2014-11-26 12:46:06,684 [TestRunnerThread] ERROR TestProj.Classes.LogWriter [(null)] - Screenshot requirement for method VerifyOTPErrorMessage not found
2014-11-26 12:46:06,690 [TestRunnerThread] INFO  TestProj.Classes.LogWriter [(null)] - IActivationActions_VerifyOTPErrorMessage executed in 0 seconds
2014-11-26 12:47:23,237 [TestRunnerThread] ERROR TestProj.Classes.LogWriter [(null)] - Screenshot requirement for method EnterAndVerifyOTPValue not found
2014-11-26 12:47:23,291 [TestRunnerThread] INFO  TestProj.Classes.LogWriter [(null)] - IActivationActions_EnterAndVerifyOTPValue executed in 0 seconds
2014-11-26 13:04:40,067 [TestRunnerThread] ERROR TestProj.Classes.LogWriter [(null)] - Screenshot requirement for method EnterAndVerifyOTPValue not found
2014-11-26 13:04:42,004 [TestRunnerThread] INFO  TestProj.Classes.LogWriter [(null)] - IActivationActions_EnterAndVerifyOTPValue executed in 7 seconds
2014-11-26 13:04:42,021 [TestRunnerThread] ERROR TestProj.Classes.LogWriter [(null)] - Screenshot requirement for method ClickNext not found
2014-11-26 13:04:47,099 [TestRunnerThread] INFO  TestProj.Classes.LogWriter [(null)] - IActivationActions_ClickNext executed in 5 seconds
2014-11-26 13:18:16,359 [TestRunnerThread] ERROR TestProj.Classes.LogWriter [(null)] - Screenshot requirement for method EnterAndVerifyOTPValue not found
2014-11-26 13:18:17,026 [TestRunnerThread] INFO  TestProj.Classes.LogWriter [(null)] - IActivationActions_EnterAndVerifyOTPValue executed in 2 seconds
2014-11-26 13:18:17,026 [TestRunnerThread] ERROR TestProj.Classes.LogWriter [(null)] - Screenshot requirement for method ClickNext not found
2014-11-26 13:18:17,129 [TestRunnerThread] INFO  TestProj.Classes.LogWriter [(null)] - IActivationActions_ClickNext executed in 0 seconds
2014-11-26 13:18:17,130 [TestRunnerThread] ERROR TestProj.Classes.LogWriter [(null)] - This error is not displayed due to browser always online --> O1-2-6 – You are not online. Please check your connectivity and try again
2014-11-26 13:18:17,144 [TestRunnerThread] ERROR TestProj.Classes.LogWriter [(null)] - TESTCASE:CorrectOneTimePinAndApplicationOffline -> Cannot simulate the off-line status as the browser will allways be online
2014-11-26 13:20:05,479 [TestRunnerThread] ERROR TestProj.Classes.LogWriter [(null)] - Screenshot requirement for method MSISDNInput not found
2014-11-26 13:20:07,246 [TestRunnerThread] INFO  TestProj.Classes.LogWriter [(null)] - IActivationActions_MSISDNInput executed in 1 seconds
2014-11-26 13:20:07,249 [TestRunnerThread] ERROR TestProj.Classes.LogWriter [(null)] - Screenshot requirement for method UsernameInput not found
2014-11-26 13:20:07,513 [TestRunnerThread] INFO  TestProj.Classes.LogWriter [(null)] - IActivationActions_UsernameInput executed in 0 seconds
2014-11-26 13:20:07,516 [TestRunnerThread] ERROR TestProj.Classes.LogWriter [(null)] - Screenshot requirement for method ActivationKeyInput not found
2014-11-26 13:20:07,731 [TestRunnerThread] INFO  TestProj.Classes.LogWriter [(null)] - IActivationActions_ActivationKeyInput executed in 0 seconds
2014-11-26 13:20:07,733 [TestRunnerThread] ERROR TestProj.Classes.LogWriter [(null)] - Screenshot requirement for method AliasInput not found
2014-11-26 13:20:08,078 [TestRunnerThread] INFO  TestProj.Classes.LogWriter [(null)] - IActivationActions_AliasInput executed in 0 seconds
2014-11-26 13:20:08,078 [TestRunnerThread] ERROR TestProj.Classes.LogWriter [(null)] - TESTCASE:ActivationFormCorrectUserDetails -> CHALLENGE ANSWER is required, but the test does not specify that it needs to be filled out. UPDATE TEST
2014-11-26 13:20:08,219 [TestRunnerThread] ERROR TestProj.Classes.LogWriter [(null)] - Screenshot requirement for method ClickNext not found
2014-11-26 13:20:13,292 [TestRunnerThread] INFO  TestProj.Classes.LogWriter [(null)] - IActivationActions_ClickNext executed in 5 seconds
2014-11-26 13:20:13,980 [TestRunnerThread] ERROR TestProj.Classes.LogWriter [(null)] - Screenshot requirement for method TestMandatoryFields not found
2014-11-26 13:20:19,568 [TestRunnerThread] INFO  TestProj.Classes.LogWriter [(null)] - IActivationActions_TestMandatoryFields executed in 5 seconds
2014-11-26 13:20:19,599 [TestRunnerThread] ERROR TestProj.Classes.LogWriter [(null)] - Screenshot requirement for method TestInvalidActivationKey not found
2014-11-26 13:20:24,679 [TestRunnerThread] INFO  TestProj.Classes.LogWriter [(null)] - IActivationActions_TestInvalidActivationKey executed in 5 seconds
2014-11-26 13:20:25,189 [TestRunnerThread] ERROR TestProj.Classes.LogWriter [(null)] - Screenshot requirement for method EnterAndVerifyOTPValue not found
2014-11-26 13:20:25,417 [TestRunnerThread] INFO  TestProj.Classes.LogWriter [(null)] - IActivationActions_EnterAndVerifyOTPValue executed in 0 seconds
2014-11-26 13:20:25,417 [TestRunnerThread] ERROR TestProj.Classes.LogWriter [(null)] - Screenshot requirement for method ClickNext not found
2014-11-26 13:20:25,460 [TestRunnerThread] INFO  TestProj.Classes.LogWriter [(null)] - IActivationActions_ClickNext executed in 0 seconds
2014-11-26 13:20:25,460 [TestRunnerThread] ERROR TestProj.Classes.LogWriter [(null)] - This error is not displayed due to browser always online --> O1-2-6 – You are not online. Please check your connectivity and try again
2014-11-26 13:20:25,460 [TestRunnerThread] ERROR TestProj.Classes.LogWriter [(null)] - TESTCASE:CorrectOneTimePinAndApplicationOffline -> Cannot simulate the off-line status as the browser will allways be online
2014-11-26 13:20:25,573 [TestRunnerThread] ERROR TestProj.Classes.LogWriter [(null)] - Screenshot requirement for method VerifyLogoAndBanner not found
2014-11-26 13:20:26,487 [TestRunnerThread] INFO  TestProj.Classes.LogWriter [(null)] - IActivationActions_VerifyLogoAndBanner executed in 0 seconds
2014-11-26 13:20:26,487 [TestRunnerThread] ERROR TestProj.Classes.LogWriter [(null)] - Screenshot requirement for method VerifyOnlineIndicator not found
2014-11-26 13:20:26,581 [TestRunnerThread] INFO  TestProj.Classes.LogWriter [(null)] - IActivationActions_VerifyOnlineIndicator executed in 0 seconds
2014-11-26 13:20:26,581 [TestRunnerThread] ERROR TestProj.Classes.LogWriter [(null)] - Screenshot requirement for method VerifyPageLinks not found
2014-11-26 13:20:26,737 [TestRunnerThread] INFO  TestProj.Classes.LogWriter [(null)] - IActivationActions_VerifyPageLinks executed in 0 seconds
2014-11-26 13:20:26,737 [TestRunnerThread] ERROR TestProj.Classes.LogWriter [(null)] - Screenshot requirement for method VerifyActivationPageNextButton not found
2014-11-26 13:20:31,830 [TestRunnerThread] INFO  TestProj.Classes.LogWriter [(null)] - IActivationActions_VerifyActivationPageNextButton executed in 5 seconds
2014-11-26 13:20:31,995 [TestRunnerThread] ERROR TestProj.Classes.LogWriter [(null)] - Screenshot requirement for method VerifyLogoAndBanner not found
2014-11-26 13:20:32,127 [TestRunnerThread] INFO  TestProj.Classes.LogWriter [(null)] - IActivationActions_VerifyLogoAndBanner executed in 0 seconds
2014-11-26 13:20:32,127 [TestRunnerThread] ERROR TestProj.Classes.LogWriter [(null)] - Screenshot requirement for method VerifyOnlineIndicator not found
2014-11-26 13:20:32,174 [TestRunnerThread] INFO  TestProj.Classes.LogWriter [(null)] - IActivationActions_VerifyOnlineIndicator executed in 0 seconds
2014-11-26 13:20:32,174 [TestRunnerThread] ERROR TestProj.Classes.LogWriter [(null)] - Screenshot requirement for method VerifyPageLinks not found
2014-11-26 13:20:32,236 [TestRunnerThread] INFO  TestProj.Classes.LogWriter [(null)] - IActivationActions_VerifyPageLinks executed in 0 seconds
2014-11-26 13:20:32,236 [TestRunnerThread] ERROR TestProj.Classes.LogWriter [(null)] - Cannot check spelling and grammer automatically
2014-11-26 13:20:32,236 [TestRunnerThread] ERROR TestProj.Classes.LogWriter [(null)] - Screenshot requirement for method VerifyOTPNextButton not found
2014-11-26 13:20:32,252 [TestRunnerThread] ERROR TestProj.Classes.LogWriter [(null)] - TESTCASE:VerifyActivationLandingPage -> What css class is used to disable the next button?
2014-11-26 13:20:32,267 [TestRunnerThread] ERROR TestProj.Classes.LogWriter [(null)] - TESTCASE:VerifyActivationLandingPage -> Cannot evaluate the color of the next button, just the css class
2014-11-26 13:20:32,267 [TestRunnerThread] ERROR TestProj.Classes.LogWriter [(null)] - TESTCASE:VerifyActivationLandingPage -> Cannot evaluate the color of the text on the next button, just the css class
2014-11-26 13:20:32,267 [TestRunnerThread] INFO  TestProj.Classes.LogWriter [(null)] - IActivationActions_VerifyOTPNextButton executed in 0 seconds
2014-11-26 13:20:32,267 [TestRunnerThread] ERROR TestProj.Classes.LogWriter [(null)] - Screenshot requirement for method VerifyResendButton not found
2014-11-26 13:20:32,283 [TestRunnerThread] ERROR TestProj.Classes.LogWriter [(null)] - TESTCASE:VerifyResendButton -> What css class is used to disable the next button?
2014-11-26 13:20:32,299 [TestRunnerThread] ERROR TestProj.Classes.LogWriter [(null)] - TESTCASE:VerifyActivationLandingPage -> Cannot evaluate the color of the resend button, just the css class
2014-11-26 13:20:32,299 [TestRunnerThread] ERROR TestProj.Classes.LogWriter [(null)] - TESTCASE:VerifyActivationLandingPage -> Cannot evaluate the color of the text on the resend button, just the css class
2014-11-26 13:20:32,299 [TestRunnerThread] INFO  TestProj.Classes.LogWriter [(null)] - IActivationActions_VerifyResendButton executed in 0 seconds
2014-11-26 13:20:32,299 [TestRunnerThread] ERROR TestProj.Classes.LogWriter [(null)] - Screenshot requirement for method VerifyOntTimeLable not found
2014-11-26 13:20:32,330 [TestRunnerThread] ERROR TestProj.Classes.LogWriter [(null)] - TESTCASE:VerifyActivationOneTimePinLandingPage -> APPLICATION BUTTONS DO NOT SHOW. TEST CANNOT BE CREATED!
2014-11-26 13:20:32,330 [TestRunnerThread] INFO  TestProj.Classes.LogWriter [(null)] - IActivationActions_VerifyOntTimeLable executed in 0 seconds
2014-11-26 13:20:32,330 [TestRunnerThread] ERROR TestProj.Classes.LogWriter [(null)] - Screenshot requirement for method VerifyOTPErrorMessage not found
2014-11-26 13:20:32,346 [TestRunnerThread] INFO  TestProj.Classes.LogWriter [(null)] - IActivationActions_VerifyOTPErrorMessage executed in 0 seconds
2014-11-26 13:25:55,942 [TestRunnerThread] ERROR TestProj.Classes.LogWriter [(null)] - Screenshot requirement for method MSISDNInput not found
2014-11-26 13:25:56,919 [TestRunnerThread] INFO  TestProj.Classes.LogWriter [(null)] - IActivationActions_MSISDNInput executed in 1 seconds
2014-11-26 13:25:56,922 [TestRunnerThread] ERROR TestProj.Classes.LogWriter [(null)] - Screenshot requirement for method UsernameInput not found
2014-11-26 13:25:57,077 [TestRunnerThread] INFO  TestProj.Classes.LogWriter [(null)] - IActivationActions_UsernameInput executed in 0 seconds
2014-11-26 13:25:57,079 [TestRunnerThread] ERROR TestProj.Classes.LogWriter [(null)] - Screenshot requirement for method ActivationKeyInput not found
2014-11-26 13:25:57,203 [TestRunnerThread] INFO  TestProj.Classes.LogWriter [(null)] - IActivationActions_ActivationKeyInput executed in 0 seconds
2014-11-26 13:25:57,205 [TestRunnerThread] ERROR TestProj.Classes.LogWriter [(null)] - Screenshot requirement for method AliasInput not found
2014-11-26 13:25:57,360 [TestRunnerThread] INFO  TestProj.Classes.LogWriter [(null)] - IActivationActions_AliasInput executed in 0 seconds
2014-11-26 13:25:57,360 [TestRunnerThread] ERROR TestProj.Classes.LogWriter [(null)] - TESTCASE:ActivationFormCorrectUserDetails -> CHALLENGE ANSWER is required, but the test does not specify that it needs to be filled out. UPDATE TEST
2014-11-26 13:25:57,528 [TestRunnerThread] ERROR TestProj.Classes.LogWriter [(null)] - Screenshot requirement for method ClickNext not found
2014-11-26 13:26:02,583 [TestRunnerThread] INFO  TestProj.Classes.LogWriter [(null)] - IActivationActions_ClickNext executed in 5 seconds
2014-11-26 13:32:49,489 [TestRunnerThread] ERROR TestProj.Classes.LogWriter [(null)] - Screenshot requirement for method MSISDNInput not found
2014-11-26 13:32:50,213 [TestRunnerThread] INFO  TestProj.Classes.LogWriter [(null)] - IActivationActions_MSISDNInput executed in 1 seconds
2014-11-26 13:32:50,216 [TestRunnerThread] ERROR TestProj.Classes.LogWriter [(null)] - Screenshot requirement for method UsernameInput not found
2014-11-26 13:32:50,363 [TestRunnerThread] INFO  TestProj.Classes.LogWriter [(null)] - IActivationActions_UsernameInput executed in 0 seconds
2014-11-26 13:32:50,365 [TestRunnerThread] ERROR TestProj.Classes.LogWriter [(null)] - Screenshot requirement for method ActivationKeyInput not found
2014-11-26 13:32:50,493 [TestRunnerThread] INFO  TestProj.Classes.LogWriter [(null)] - IActivationActions_ActivationKeyInput executed in 0 seconds
2014-11-26 13:32:50,495 [TestRunnerThread] ERROR TestProj.Classes.LogWriter [(null)] - Screenshot requirement for method AliasInput not found
2014-11-26 13:32:50,656 [TestRunnerThread] INFO  TestProj.Classes.LogWriter [(null)] - IActivationActions_AliasInput executed in 0 seconds
2014-11-26 13:32:50,656 [TestRunnerThread] ERROR TestProj.Classes.LogWriter [(null)] - TESTCASE:ActivationFormCorrectUserDetails -> CHALLENGE ANSWER is required, but the test does not specify that it needs to be filled out. UPDATE TEST
2014-11-26 13:32:50,833 [TestRunnerThread] ERROR TestProj.Classes.LogWriter [(null)] - Screenshot requirement for method ClickNext not found
2014-11-26 13:32:50,893 [TestRunnerThread] INFO  TestProj.Classes.LogWriter [(null)] - IActivationActions_ClickNext executed in 0 seconds
2014-11-26 13:32:50,895 [TestRunnerThread] ERROR TestProj.Classes.LogWriter [(null)] - Screenshot requirement for method ValidateOTPStart not found
2014-11-26 13:32:51,960 [TestRunnerThread] ERROR TestProj.Classes.LogWriter [(null)] - TESTCASE:VerifyActivationOneTimePinLandingPage -> APPLICATION BUTTONS DO NOT SHOW. TEST CANNOT BE CREATED!
2014-11-26 13:32:51,980 [TestRunnerThread] INFO  TestProj.Classes.LogWriter [(null)] - IActivationActions_ValidateOTPStart executed in 1 seconds
2014-11-26 13:37:50,002 [TestRunnerThread] ERROR TestProj.Classes.LogWriter [(null)] - Screenshot requirement for method MSISDNInput not found
2014-11-26 13:37:51,294 [TestRunnerThread] INFO  TestProj.Classes.LogWriter [(null)] - IActivationActions_MSISDNInput executed in 1 seconds
2014-11-26 13:37:51,297 [TestRunnerThread] ERROR TestProj.Classes.LogWriter [(null)] - Screenshot requirement for method UsernameInput not found
2014-11-26 13:37:51,485 [TestRunnerThread] INFO  TestProj.Classes.LogWriter [(null)] - IActivationActions_UsernameInput executed in 0 seconds
2014-11-26 13:37:51,487 [TestRunnerThread] ERROR TestProj.Classes.LogWriter [(null)] - Screenshot requirement for method ActivationKeyInput not found
2014-11-26 13:37:51,637 [TestRunnerThread] INFO  TestProj.Classes.LogWriter [(null)] - IActivationActions_ActivationKeyInput executed in 0 seconds
2014-11-26 13:37:51,640 [TestRunnerThread] ERROR TestProj.Classes.LogWriter [(null)] - Screenshot requirement for method AliasInput not found
2014-11-26 13:37:51,787 [TestRunnerThread] INFO  TestProj.Classes.LogWriter [(null)] - IActivationActions_AliasInput executed in 0 seconds
2014-11-26 13:37:51,787 [TestRunnerThread] ERROR TestProj.Classes.LogWriter [(null)] - TESTCASE:ActivationFormCorrectUserDetails -> CHALLENGE ANSWER is required, but the test does not specify that it needs to be filled out. UPDATE TEST
2014-11-26 13:37:51,950 [TestRunnerThread] ERROR TestProj.Classes.LogWriter [(null)] - Screenshot requirement for method ClickNext not found
2014-11-26 13:37:52,024 [TestRunnerThread] INFO  TestProj.Classes.LogWriter [(null)] - IActivationActions_ClickNext executed in 0 seconds
2014-11-26 13:37:52,048 [TestRunnerThread] ERROR TestProj.Classes.LogWriter [(null)] - Screenshot requirement for method ValidateOTPStart not found
2014-11-26 13:37:52,359 [TestRunnerThread] ERROR TestProj.Classes.LogWriter [(null)] - TESTCASE:VerifyActivationOneTimePinLandingPage -> APPLICATION BUTTONS DO NOT SHOW. TEST CANNOT BE CREATED!
2014-11-26 13:37:52,477 [TestRunnerThread] INFO  TestProj.Classes.LogWriter [(null)] - IActivationActions_ValidateOTPStart executed in 0 seconds
2014-11-26 13:40:03,872 [TestRunnerThread] ERROR TestProj.Classes.LogWriter [(null)] - Screenshot requirement for method MSISDNInput not found
2014-11-26 13:40:05,513 [TestRunnerThread] INFO  TestProj.Classes.LogWriter [(null)] - IActivationActions_MSISDNInput executed in 2 seconds
2014-11-26 13:40:05,520 [TestRunnerThread] ERROR TestProj.Classes.LogWriter [(null)] - Screenshot requirement for method UsernameInput not found
2014-11-26 13:40:05,885 [TestRunnerThread] INFO  TestProj.Classes.LogWriter [(null)] - IActivationActions_UsernameInput executed in 0 seconds
2014-11-26 13:40:05,888 [TestRunnerThread] ERROR TestProj.Classes.LogWriter [(null)] - Screenshot requirement for method ActivationKeyInput not found
2014-11-26 13:40:06,088 [TestRunnerThread] INFO  TestProj.Classes.LogWriter [(null)] - IActivationActions_ActivationKeyInput executed in 0 seconds
2014-11-26 13:40:06,092 [TestRunnerThread] ERROR TestProj.Classes.LogWriter [(null)] - Screenshot requirement for method AliasInput not found
2014-11-26 13:40:06,328 [TestRunnerThread] INFO  TestProj.Classes.LogWriter [(null)] - IActivationActions_AliasInput executed in 0 seconds
2014-11-26 13:40:06,329 [TestRunnerThread] ERROR TestProj.Classes.LogWriter [(null)] - TESTCASE:ActivationFormCorrectUserDetails -> CHALLENGE ANSWER is required, but the test does not specify that it needs to be filled out. UPDATE TEST
2014-11-26 13:40:06,605 [TestRunnerThread] ERROR TestProj.Classes.LogWriter [(null)] - Screenshot requirement for method ClickNext not found
2014-11-26 13:40:06,694 [TestRunnerThread] INFO  TestProj.Classes.LogWriter [(null)] - IActivationActions_ClickNext executed in 0 seconds
2014-11-26 13:40:06,727 [TestRunnerThread] ERROR TestProj.Classes.LogWriter [(null)] - Screenshot requirement for method ValidateOTPStart not found
2014-11-26 13:40:07,313 [TestRunnerThread] ERROR TestProj.Classes.LogWriter [(null)] - TESTCASE:VerifyActivationOneTimePinLandingPage -> APPLICATION BUTTONS DO NOT SHOW. TEST CANNOT BE CREATED!
2014-11-26 13:40:07,315 [TestRunnerThread] ERROR TestProj.Classes.LogWriter [(null)] - 0726629728
2014-11-26 13:40:07,405 [TestRunnerThread] INFO  TestProj.Classes.LogWriter [(null)] - IActivationActions_ValidateOTPStart executed in 0 seconds
2014-11-26 13:42:05,969 [TestRunnerThread] ERROR TestProj.Classes.LogWriter [(null)] - Screenshot requirement for method MSISDNInput not found
2014-11-26 13:42:06,700 [TestRunnerThread] INFO  TestProj.Classes.LogWriter [(null)] - IActivationActions_MSISDNInput executed in 1 seconds
2014-11-26 13:42:06,704 [TestRunnerThread] ERROR TestProj.Classes.LogWriter [(null)] - Screenshot requirement for method UsernameInput not found
2014-11-26 13:42:06,890 [TestRunnerThread] INFO  TestProj.Classes.LogWriter [(null)] - IActivationActions_UsernameInput executed in 0 seconds
2014-11-26 13:42:06,892 [TestRunnerThread] ERROR TestProj.Classes.LogWriter [(null)] - Screenshot requirement for method ActivationKeyInput not found
2014-11-26 13:42:07,025 [TestRunnerThread] INFO  TestProj.Classes.LogWriter [(null)] - IActivationActions_ActivationKeyInput executed in 0 seconds
2014-11-26 13:42:07,027 [TestRunnerThread] ERROR TestProj.Classes.LogWriter [(null)] - Screenshot requirement for method AliasInput not found
2014-11-26 13:42:07,195 [TestRunnerThread] INFO  TestProj.Classes.LogWriter [(null)] - IActivationActions_AliasInput executed in 0 seconds
2014-11-26 13:42:07,195 [TestRunnerThread] ERROR TestProj.Classes.LogWriter [(null)] - TESTCASE:ActivationFormCorrectUserDetails -> CHALLENGE ANSWER is required, but the test does not specify that it needs to be filled out. UPDATE TEST
2014-11-26 13:42:07,377 [TestRunnerThread] ERROR TestProj.Classes.LogWriter [(null)] - Screenshot requirement for method ClickNext not found
2014-11-26 13:42:07,439 [TestRunnerThread] INFO  TestProj.Classes.LogWriter [(null)] - IActivationActions_ClickNext executed in 0 seconds
2014-11-26 13:42:07,464 [TestRunnerThread] ERROR TestProj.Classes.LogWriter [(null)] - Screenshot requirement for method ValidateOTPStart not found
2014-11-26 13:42:07,651 [TestRunnerThread] ERROR TestProj.Classes.LogWriter [(null)] - TESTCASE:VerifyActivationOneTimePinLandingPage -> APPLICATION BUTTONS DO NOT SHOW. TEST CANNOT BE CREATED!
2014-11-26 13:42:07,653 [TestRunnerThread] ERROR TestProj.Classes.LogWriter [(null)] - 0726629728
2014-11-26 13:42:07,654 [TestRunnerThread] ERROR TestProj.Classes.LogWriter [(null)] - A One Time Pin has been sent to 0*****9728. Please enter the One time Pin here to continue
2014-11-26 13:42:07,739 [TestRunnerThread] INFO  TestProj.Classes.LogWriter [(null)] - IActivationActions_ValidateOTPStart executed in 0 seconds
2014-11-26 13:44:37,781 [TestRunnerThread] ERROR TestProj.Classes.LogWriter [(null)] - Screenshot requirement for method MSISDNInput not found
2014-11-26 13:44:39,093 [TestRunnerThread] INFO  TestProj.Classes.LogWriter [(null)] - IActivationActions_MSISDNInput executed in 2 seconds
2014-11-26 13:44:39,102 [TestRunnerThread] ERROR TestProj.Classes.LogWriter [(null)] - Screenshot requirement for method UsernameInput not found
2014-11-26 13:44:39,421 [TestRunnerThread] INFO  TestProj.Classes.LogWriter [(null)] - IActivationActions_UsernameInput executed in 0 seconds
2014-11-26 13:44:39,424 [TestRunnerThread] ERROR TestProj.Classes.LogWriter [(null)] - Screenshot requirement for method ActivationKeyInput not found
2014-11-26 13:44:39,607 [TestRunnerThread] INFO  TestProj.Classes.LogWriter [(null)] - IActivationActions_ActivationKeyInput executed in 0 seconds
2014-11-26 13:44:39,610 [TestRunnerThread] ERROR TestProj.Classes.LogWriter [(null)] - Screenshot requirement for method AliasInput not found
2014-11-26 13:44:39,776 [TestRunnerThread] INFO  TestProj.Classes.LogWriter [(null)] - IActivationActions_AliasInput executed in 0 seconds
2014-11-26 13:44:39,777 [TestRunnerThread] ERROR TestProj.Classes.LogWriter [(null)] - TESTCASE:ActivationFormCorrectUserDetails -> CHALLENGE ANSWER is required, but the test does not specify that it needs to be filled out. UPDATE TEST
2014-11-26 13:44:39,939 [TestRunnerThread] ERROR TestProj.Classes.LogWriter [(null)] - Screenshot requirement for method ClickNext not found
2014-11-26 13:44:40,001 [TestRunnerThread] INFO  TestProj.Classes.LogWriter [(null)] - IActivationActions_ClickNext executed in 0 seconds
2014-11-26 13:44:40,023 [TestRunnerThread] ERROR TestProj.Classes.LogWriter [(null)] - Screenshot requirement for method ValidateOTPStart not found
2014-11-26 13:44:40,189 [TestRunnerThread] ERROR TestProj.Classes.LogWriter [(null)] - TESTCASE:VerifyActivationOneTimePinLandingPage -> APPLICATION BUTTONS DO NOT SHOW. TEST CANNOT BE CREATED!
2014-11-26 13:44:40,276 [TestRunnerThread] INFO  TestProj.Classes.LogWriter [(null)] - IActivationActions_ValidateOTPStart executed in 0 seconds
2014-11-26 13:44:40,506 [TestRunnerThread] ERROR TestProj.Classes.LogWriter [(null)] - Screenshot requirement for method TestMandatoryFields not found
2014-11-26 13:44:45,634 [TestRunnerThread] INFO  TestProj.Classes.LogWriter [(null)] - IActivationActions_TestMandatoryFields executed in 5 seconds
2014-11-26 13:44:45,759 [TestRunnerThread] ERROR TestProj.Classes.LogWriter [(null)] - Screenshot requirement for method TestInvalidActivationKey not found
2014-11-26 13:44:50,765 [TestRunnerThread] INFO  TestProj.Classes.LogWriter [(null)] - IActivationActions_TestInvalidActivationKey executed in 5 seconds
2014-11-26 13:44:51,660 [TestRunnerThread] ERROR TestProj.Classes.LogWriter [(null)] - Screenshot requirement for method EnterAndVerifyOTPValue not found
2014-11-26 13:44:51,973 [TestRunnerThread] INFO  TestProj.Classes.LogWriter [(null)] - IActivationActions_EnterAndVerifyOTPValue executed in 0 seconds
2014-11-26 13:44:51,974 [TestRunnerThread] ERROR TestProj.Classes.LogWriter [(null)] - Screenshot requirement for method ClickNext not found
2014-11-26 13:44:52,018 [TestRunnerThread] INFO  TestProj.Classes.LogWriter [(null)] - IActivationActions_ClickNext executed in 0 seconds
2014-11-26 13:44:52,018 [TestRunnerThread] ERROR TestProj.Classes.LogWriter [(null)] - This error is not displayed due to browser always online --> O1-2-6 – You are not online. Please check your connectivity and try again
2014-11-26 13:44:52,019 [TestRunnerThread] ERROR TestProj.Classes.LogWriter [(null)] - TESTCASE:CorrectOneTimePinAndApplicationOffline -> Cannot simulate the off-line status as the browser will allways be online
2014-11-26 13:44:52,135 [TestRunnerThread] ERROR TestProj.Classes.LogWriter [(null)] - Screenshot requirement for method VerifyLogoAndBanner not found
2014-11-26 13:44:52,229 [TestRunnerThread] INFO  TestProj.Classes.LogWriter [(null)] - IActivationActions_VerifyLogoAndBanner executed in 0 seconds
2014-11-26 13:44:52,230 [TestRunnerThread] ERROR TestProj.Classes.LogWriter [(null)] - Screenshot requirement for method VerifyOnlineIndicator not found
2014-11-26 13:44:52,275 [TestRunnerThread] INFO  TestProj.Classes.LogWriter [(null)] - IActivationActions_VerifyOnlineIndicator executed in 0 seconds
2014-11-26 13:44:52,277 [TestRunnerThread] ERROR TestProj.Classes.LogWriter [(null)] - Screenshot requirement for method VerifyPageLinks not found
2014-11-26 13:44:52,356 [TestRunnerThread] INFO  TestProj.Classes.LogWriter [(null)] - IActivationActions_VerifyPageLinks executed in 0 seconds
2014-11-26 13:44:52,358 [TestRunnerThread] ERROR TestProj.Classes.LogWriter [(null)] - Screenshot requirement for method VerifyActivationPageNextButton not found
2014-11-26 13:44:52,372 [TestRunnerThread] ERROR TestProj.Classes.LogWriter [(null)] - TESTCASE:VerifyActivationLandingPage -> What css class is used to disable the next button?
2014-11-26 13:44:52,392 [TestRunnerThread] ERROR TestProj.Classes.LogWriter [(null)] - TESTCASE:VerifyActivationLandingPage -> Cannot evaluate the color of the next button, just the css class
2014-11-26 13:44:52,392 [TestRunnerThread] ERROR TestProj.Classes.LogWriter [(null)] - TESTCASE:VerifyActivationLandingPage -> Cannot evaluate the color of the text on the next button, just the css class
2014-11-26 13:44:52,392 [TestRunnerThread] INFO  TestProj.Classes.LogWriter [(null)] - IActivationActions_VerifyActivationPageNextButton executed in 0 seconds
2014-11-26 13:44:52,394 [TestRunnerThread] ERROR TestProj.Classes.LogWriter [(null)] - Screenshot requirement for method VerifyFieldExist not found
2014-11-26 13:44:52,455 [TestRunnerThread] ERROR TestProj.Classes.LogWriter [(null)] - TESTCASE:VerifyActivationLandingPage -> Two extra fields found on the screen, challengeQuestion and challengeAnswer.
2014-11-26 13:44:52,455 [TestRunnerThread] ERROR TestProj.Classes.LogWriter [(null)] - TESTCASE:VerifyActivationLandingPage -> APPLICATION BUTTONS DO NOT SHOW. TEST CANNOT BE CREATED!
2014-11-26 13:44:52,455 [TestRunnerThread] INFO  TestProj.Classes.LogWriter [(null)] - IActivationActions_VerifyFieldExist executed in 0 seconds
2014-11-26 13:44:52,508 [TestRunnerThread] ERROR TestProj.Classes.LogWriter [(null)] - Screenshot requirement for method VerifyLogoAndBanner not found
2014-11-26 13:44:52,598 [TestRunnerThread] INFO  TestProj.Classes.LogWriter [(null)] - IActivationActions_VerifyLogoAndBanner executed in 0 seconds
2014-11-26 13:44:52,598 [TestRunnerThread] ERROR TestProj.Classes.LogWriter [(null)] - Screenshot requirement for method VerifyOnlineIndicator not found
2014-11-26 13:44:52,639 [TestRunnerThread] INFO  TestProj.Classes.LogWriter [(null)] - IActivationActions_VerifyOnlineIndicator executed in 0 seconds
2014-11-26 13:44:52,640 [TestRunnerThread] ERROR TestProj.Classes.LogWriter [(null)] - Screenshot requirement for method VerifyPageLinks not found
2014-11-26 13:44:52,696 [TestRunnerThread] INFO  TestProj.Classes.LogWriter [(null)] - IActivationActions_VerifyPageLinks executed in 0 seconds
2014-11-26 13:44:52,697 [TestRunnerThread] ERROR TestProj.Classes.LogWriter [(null)] - Cannot check spelling and grammer automatically
2014-11-26 13:44:52,698 [TestRunnerThread] ERROR TestProj.Classes.LogWriter [(null)] - Screenshot requirement for method VerifyOTPNextButton not found
2014-11-26 13:44:52,719 [TestRunnerThread] ERROR TestProj.Classes.LogWriter [(null)] - TESTCASE:VerifyActivationLandingPage -> What css class is used to disable the next button?
2014-11-26 13:44:52,740 [TestRunnerThread] ERROR TestProj.Classes.LogWriter [(null)] - TESTCASE:VerifyActivationLandingPage -> Cannot evaluate the color of the next button, just the css class
2014-11-26 13:44:52,740 [TestRunnerThread] ERROR TestProj.Classes.LogWriter [(null)] - TESTCASE:VerifyActivationLandingPage -> Cannot evaluate the color of the text on the next button, just the css class
2014-11-26 13:44:52,740 [TestRunnerThread] INFO  TestProj.Classes.LogWriter [(null)] - IActivationActions_VerifyOTPNextButton executed in 0 seconds
2014-11-26 13:44:52,742 [TestRunnerThread] ERROR TestProj.Classes.LogWriter [(null)] - Screenshot requirement for method VerifyResendButton not found
2014-11-26 13:44:52,753 [TestRunnerThread] ERROR TestProj.Classes.LogWriter [(null)] - TESTCASE:VerifyResendButton -> What css class is used to disable the next button?
2014-11-26 13:44:52,773 [TestRunnerThread] ERROR TestProj.Classes.LogWriter [(null)] - TESTCASE:VerifyActivationLandingPage -> Cannot evaluate the color of the resend button, just the css class
2014-11-26 13:44:52,773 [TestRunnerThread] ERROR TestProj.Classes.LogWriter [(null)] - TESTCASE:VerifyActivationLandingPage -> Cannot evaluate the color of the text on the resend button, just the css class
2014-11-26 13:44:52,773 [TestRunnerThread] INFO  TestProj.Classes.LogWriter [(null)] - IActivationActions_VerifyResendButton executed in 0 seconds
2014-11-26 13:44:52,775 [TestRunnerThread] ERROR TestProj.Classes.LogWriter [(null)] - Screenshot requirement for method VerifyOntTimeLable not found
2014-11-26 13:44:52,795 [TestRunnerThread] ERROR TestProj.Classes.LogWriter [(null)] - TESTCASE:VerifyActivationOneTimePinLandingPage -> APPLICATION BUTTONS DO NOT SHOW. TEST CANNOT BE CREATED!
2014-11-26 13:44:52,795 [TestRunnerThread] INFO  TestProj.Classes.LogWriter [(null)] - IActivationActions_VerifyOntTimeLable executed in 0 seconds
2014-11-26 13:56:56,937 [TestRunnerThread] INFO  TestProj.Classes.LogWriter [(null)] - IActivationActions_MSISDNInput executed in 0 seconds
2014-11-26 13:56:57,151 [TestRunnerThread] INFO  TestProj.Classes.LogWriter [(null)] - IActivationActions_UsernameInput executed in 0 seconds
2014-11-26 13:56:57,322 [TestRunnerThread] INFO  TestProj.Classes.LogWriter [(null)] - IActivationActions_ActivationKeyInput executed in 0 seconds
2014-11-26 13:56:57,532 [TestRunnerThread] INFO  TestProj.Classes.LogWriter [(null)] - IActivationActions_AliasInput executed in 0 seconds
2014-11-26 13:56:57,533 [TestRunnerThread] ERROR TestProj.Classes.LogWriter [(null)] - TESTCASE:ActivationFormCorrectUserDetails -> CHALLENGE ANSWER is required, but the test does not specify that it needs to be filled out. UPDATE TEST
2014-11-26 13:56:57,739 [TestRunnerThread] INFO  TestProj.Classes.LogWriter [(null)] - IActivationActions_ClickNext executed in 0 seconds
2014-11-26 13:56:57,921 [TestRunnerThread] ERROR TestProj.Classes.LogWriter [(null)] - TESTCASE:VerifyActivationOneTimePinLandingPage -> APPLICATION BUTTONS DO NOT SHOW. TEST CANNOT BE CREATED!
2014-11-26 13:56:58,008 [TestRunnerThread] INFO  TestProj.Classes.LogWriter [(null)] - IActivationActions_ValidateOTPStart executed in 0 seconds
2014-11-26 13:57:03,134 [TestRunnerThread] INFO  TestProj.Classes.LogWriter [(null)] - IActivationActions_TestMandatoryFields executed in 5 seconds
2014-11-26 13:57:08,200 [TestRunnerThread] INFO  TestProj.Classes.LogWriter [(null)] - IActivationActions_TestInvalidActivationKey executed in 5 seconds
2014-11-26 13:57:08,810 [TestRunnerThread] INFO  TestProj.Classes.LogWriter [(null)] - IActivationActions_EnterAndVerifyOTPValue executed in 0 seconds
2014-11-26 13:57:08,873 [TestRunnerThread] INFO  TestProj.Classes.LogWriter [(null)] - IActivationActions_ClickNext executed in 0 seconds
2014-11-26 13:57:08,874 [TestRunnerThread] ERROR TestProj.Classes.LogWriter [(null)] - This error is not displayed due to browser always online --> O1-2-6 – You are not online. Please check your connectivity and try again
2014-11-26 13:57:08,874 [TestRunnerThread] ERROR TestProj.Classes.LogWriter [(null)] - TESTCASE:CorrectOneTimePinAndApplicationOffline -> Cannot simulate the off-line status as the browser will allways be online
2014-11-26 13:57:09,087 [TestRunnerThread] INFO  TestProj.Classes.LogWriter [(null)] - IActivationActions_VerifyLogoAndBanner executed in 0 seconds
2014-11-26 13:57:09,139 [TestRunnerThread] INFO  TestProj.Classes.LogWriter [(null)] - IActivationActions_VerifyOnlineIndicator executed in 0 seconds
2014-11-26 13:57:09,225 [TestRunnerThread] INFO  TestProj.Classes.LogWriter [(null)] - IActivationActions_VerifyPageLinks executed in 0 seconds
2014-11-26 13:57:09,247 [TestRunnerThread] ERROR TestProj.Classes.LogWriter [(null)] - TESTCASE:VerifyActivationLandingPage -> What css class is used to disable the next button?
2014-11-26 13:57:09,268 [TestRunnerThread] ERROR TestProj.Classes.LogWriter [(null)] - TESTCASE:VerifyActivationLandingPage -> Cannot evaluate the color of the next button, just the css class
2014-11-26 13:57:09,268 [TestRunnerThread] ERROR TestProj.Classes.LogWriter [(null)] - TESTCASE:VerifyActivationLandingPage -> Cannot evaluate the color of the text on the next button, just the css class
2014-11-26 13:57:09,269 [TestRunnerThread] INFO  TestProj.Classes.LogWriter [(null)] - IActivationActions_VerifyActivationPageNextButton executed in 0 seconds
2014-11-26 13:57:09,343 [TestRunnerThread] ERROR TestProj.Classes.LogWriter [(null)] - TESTCASE:VerifyActivationLandingPage -> Two extra fields found on the screen, challengeQuestion and challengeAnswer.
2014-11-26 13:57:09,343 [TestRunnerThread] ERROR TestProj.Classes.LogWriter [(null)] - TESTCASE:VerifyActivationLandingPage -> APPLICATION BUTTONS DO NOT SHOW. TEST CANNOT BE CREATED!
2014-11-26 13:57:09,344 [TestRunnerThread] INFO  TestProj.Classes.LogWriter [(null)] - IActivationActions_VerifyFieldExist executed in 0 seconds
2014-11-26 13:57:09,478 [TestRunnerThread] INFO  TestProj.Classes.LogWriter [(null)] - IActivationActions_VerifyLogoAndBanner executed in 0 seconds
2014-11-26 13:57:09,522 [TestRunnerThread] INFO  TestProj.Classes.LogWriter [(null)] - IActivationActions_VerifyOnlineIndicator executed in 0 seconds
2014-11-26 13:57:09,584 [TestRunnerThread] INFO  TestProj.Classes.LogWriter [(null)] - IActivationActions_VerifyPageLinks executed in 0 seconds
2014-11-26 13:57:09,584 [TestRunnerThread] ERROR TestProj.Classes.LogWriter [(null)] - Cannot check spelling and grammer automatically
2014-11-26 13:57:09,619 [TestRunnerThread] ERROR TestProj.Classes.LogWriter [(null)] - TESTCASE:VerifyActivationLandingPage -> What css class is used to disable the next button?
2014-11-26 13:57:09,639 [TestRunnerThread] ERROR TestProj.Classes.LogWriter [(null)] - TESTCASE:VerifyActivationLandingPage -> Cannot evaluate the color of the next button, just the css class
2014-11-26 13:57:09,639 [TestRunnerThread] ERROR TestProj.Classes.LogWriter [(null)] - TESTCASE:VerifyActivationLandingPage -> Cannot evaluate the color of the text on the next button, just the css class
2014-11-26 13:57:09,639 [TestRunnerThread] INFO  TestProj.Classes.LogWriter [(null)] - IActivationActions_VerifyOTPNextButton executed in 0 seconds
2014-11-26 13:57:09,659 [TestRunnerThread] ERROR TestProj.Classes.LogWriter [(null)] - TESTCASE:VerifyResendButton -> What css class is used to disable the next button?
2014-11-26 13:57:09,681 [TestRunnerThread] ERROR TestProj.Classes.LogWriter [(null)] - TESTCASE:VerifyActivationLandingPage -> Cannot evaluate the color of the resend button, just the css class
2014-11-26 13:57:09,681 [TestRunnerThread] ERROR TestProj.Classes.LogWriter [(null)] - TESTCASE:VerifyActivationLandingPage -> Cannot evaluate the color of the text on the resend button, just the css class
2014-11-26 13:57:09,681 [TestRunnerThread] INFO  TestProj.Classes.LogWriter [(null)] - IActivationActions_VerifyResendButton executed in 0 seconds
2014-11-26 13:57:09,709 [TestRunnerThread] ERROR TestProj.Classes.LogWriter [(null)] - TESTCASE:VerifyActivationOneTimePinLandingPage -> APPLICATION BUTTONS DO NOT SHOW. TEST CANNOT BE CREATED!
2014-11-26 13:57:09,709 [TestRunnerThread] INFO  TestProj.Classes.LogWriter [(null)] - IActivationActions_VerifyOntTimeLable executed in 0 seconds
2014-11-26 13:59:18,026 [TestRunnerThread] INFO  TestProj.Classes.LogWriter [(null)] - IActivationActions_MSISDNInput executed in 0 seconds
2014-11-26 13:59:18,235 [TestRunnerThread] INFO  TestProj.Classes.LogWriter [(null)] - IActivationActions_UsernameInput executed in 0 seconds
2014-11-26 13:59:18,367 [TestRunnerThread] INFO  TestProj.Classes.LogWriter [(null)] - IActivationActions_ActivationKeyInput executed in 0 seconds
2014-11-26 13:59:18,685 [TestRunnerThread] INFO  TestProj.Classes.LogWriter [(null)] - IActivationActions_AliasInput executed in 0 seconds
2014-11-26 13:59:18,686 [TestRunnerThread] ERROR TestProj.Classes.LogWriter [(null)] - TESTCASE:ActivationFormCorrectUserDetails -> CHALLENGE ANSWER is required, but the test does not specify that it needs to be filled out. UPDATE TEST
2014-11-26 13:59:18,916 [TestRunnerThread] INFO  TestProj.Classes.LogWriter [(null)] - IActivationActions_ClickNext executed in 0 seconds
2014-11-26 13:59:19,121 [TestRunnerThread] ERROR TestProj.Classes.LogWriter [(null)] - TESTCASE:VerifyActivationOneTimePinLandingPage -> APPLICATION BUTTONS DO NOT SHOW. TEST CANNOT BE CREATED!
2014-11-26 13:59:19,208 [TestRunnerThread] INFO  TestProj.Classes.LogWriter [(null)] - IActivationActions_ValidateOTPStart executed in 0 seconds
2014-11-26 13:59:24,392 [TestRunnerThread] INFO  TestProj.Classes.LogWriter [(null)] - IActivationActions_TestMandatoryFields executed in 5 seconds
2014-11-26 13:59:29,475 [TestRunnerThread] INFO  TestProj.Classes.LogWriter [(null)] - IActivationActions_TestInvalidActivationKey executed in 5 seconds
2014-11-26 13:59:30,121 [TestRunnerThread] INFO  TestProj.Classes.LogWriter [(null)] - IActivationActions_EnterAndVerifyOTPValue executed in 0 seconds
2014-11-26 13:59:30,165 [TestRunnerThread] INFO  TestProj.Classes.LogWriter [(null)] - IActivationActions_ClickNext executed in 0 seconds
2014-11-26 13:59:30,166 [TestRunnerThread] ERROR TestProj.Classes.LogWriter [(null)] - This error is not displayed due to browser always online --> O1-2-6 – You are not online. Please check your connectivity and try again
2014-11-26 13:59:30,166 [TestRunnerThread] ERROR TestProj.Classes.LogWriter [(null)] - TESTCASE:CorrectOneTimePinAndApplicationOffline -> Cannot simulate the off-line status as the browser will allways be online
2014-11-26 13:59:30,377 [TestRunnerThread] INFO  TestProj.Classes.LogWriter [(null)] - IActivationActions_VerifyLogoAndBanner executed in 0 seconds
2014-11-26 13:59:30,426 [TestRunnerThread] INFO  TestProj.Classes.LogWriter [(null)] - IActivationActions_VerifyOnlineIndicator executed in 0 seconds
2014-11-26 13:59:30,507 [TestRunnerThread] INFO  TestProj.Classes.LogWriter [(null)] - IActivationActions_VerifyPageLinks executed in 0 seconds
2014-11-26 13:59:30,520 [TestRunnerThread] ERROR TestProj.Classes.LogWriter [(null)] - TESTCASE:VerifyActivationLandingPage -> What css class is used to disable the next button?
2014-11-26 13:59:30,541 [TestRunnerThread] ERROR TestProj.Classes.LogWriter [(null)] - TESTCASE:VerifyActivationLandingPage -> Cannot evaluate the color of the next button, just the css class
2014-11-26 13:59:30,541 [TestRunnerThread] ERROR TestProj.Classes.LogWriter [(null)] - TESTCASE:VerifyActivationLandingPage -> Cannot evaluate the color of the text on the next button, just the css class
2014-11-26 13:59:30,542 [TestRunnerThread] INFO  TestProj.Classes.LogWriter [(null)] - IActivationActions_VerifyActivationPageNextButton executed in 0 seconds
2014-11-26 13:59:30,611 [TestRunnerThread] ERROR TestProj.Classes.LogWriter [(null)] - TESTCASE:VerifyActivationLandingPage -> Two extra fields found on the screen, challengeQuestion and challengeAnswer.
2014-11-26 13:59:30,611 [TestRunnerThread] ERROR TestProj.Classes.LogWriter [(null)] - TESTCASE:VerifyActivationLandingPage -> APPLICATION BUTTONS DO NOT SHOW. TEST CANNOT BE CREATED!
2014-11-26 13:59:30,612 [TestRunnerThread] INFO  TestProj.Classes.LogWriter [(null)] - IActivationActions_VerifyFieldExist executed in 0 seconds
2014-11-26 13:59:30,751 [TestRunnerThread] INFO  TestProj.Classes.LogWriter [(null)] - IActivationActions_VerifyLogoAndBanner executed in 0 seconds
2014-11-26 13:59:30,789 [TestRunnerThread] INFO  TestProj.Classes.LogWriter [(null)] - IActivationActions_VerifyOnlineIndicator executed in 0 seconds
2014-11-26 13:59:30,847 [TestRunnerThread] INFO  TestProj.Classes.LogWriter [(null)] - IActivationActions_VerifyPageLinks executed in 0 seconds
2014-11-26 13:59:30,847 [TestRunnerThread] ERROR TestProj.Classes.LogWriter [(null)] - Cannot check spelling and grammer automatically
2014-11-26 13:59:30,860 [TestRunnerThread] ERROR TestProj.Classes.LogWriter [(null)] - TESTCASE:VerifyActivationLandingPage -> What css class is used to disable the next button?
2014-11-26 13:59:30,881 [TestRunnerThread] ERROR TestProj.Classes.LogWriter [(null)] - TESTCASE:VerifyActivationLandingPage -> Cannot evaluate the color of the next button, just the css class
2014-11-26 13:59:30,881 [TestRunnerThread] ERROR TestProj.Classes.LogWriter [(null)] - TESTCASE:VerifyActivationLandingPage -> Cannot evaluate the color of the text on the next button, just the css class
2014-11-26 13:59:30,881 [TestRunnerThread] INFO  TestProj.Classes.LogWriter [(null)] - IActivationActions_VerifyOTPNextButton executed in 0 seconds
2014-11-26 13:59:30,895 [TestRunnerThread] ERROR TestProj.Classes.LogWriter [(null)] - TESTCASE:VerifyResendButton -> What css class is used to disable the next button?
2014-11-26 13:59:30,915 [TestRunnerThread] ERROR TestProj.Classes.LogWriter [(null)] - TESTCASE:VerifyActivationLandingPage -> Cannot evaluate the color of the resend button, just the css class
2014-11-26 13:59:30,915 [TestRunnerThread] ERROR TestProj.Classes.LogWriter [(null)] - TESTCASE:VerifyActivationLandingPage -> Cannot evaluate the color of the text on the resend button, just the css class
2014-11-26 13:59:30,915 [TestRunnerThread] INFO  TestProj.Classes.LogWriter [(null)] - IActivationActions_VerifyResendButton executed in 0 seconds
2014-11-26 13:59:30,937 [TestRunnerThread] ERROR TestProj.Classes.LogWriter [(null)] - TESTCASE:VerifyActivationOneTimePinLandingPage -> APPLICATION BUTTONS DO NOT SHOW. TEST CANNOT BE CREATED!
2014-11-26 13:59:30,937 [TestRunnerThread] INFO  TestProj.Classes.LogWriter [(null)] - IActivationActions_VerifyOntTimeLable executed in 0 seconds
2014-11-26 14:01:32,246 [TestRunnerThread] INFO  TestProj.Classes.LogWriter [(null)] - IActivationActions_MSISDNInput executed in 1 seconds
2014-11-26 14:01:32,482 [TestRunnerThread] INFO  TestProj.Classes.LogWriter [(null)] - IActivationActions_UsernameInput executed in 0 seconds
2014-11-26 14:01:32,627 [TestRunnerThread] INFO  TestProj.Classes.LogWriter [(null)] - IActivationActions_ActivationKeyInput executed in 0 seconds
2014-11-26 14:01:32,797 [TestRunnerThread] INFO  TestProj.Classes.LogWriter [(null)] - IActivationActions_AliasInput executed in 0 seconds
2014-11-26 14:01:32,798 [TestRunnerThread] ERROR TestProj.Classes.LogWriter [(null)] - TESTCASE:ActivationFormCorrectUserDetails -> CHALLENGE ANSWER is required, but the test does not specify that it needs to be filled out. UPDATE TEST
2014-11-26 14:01:33,028 [TestRunnerThread] INFO  TestProj.Classes.LogWriter [(null)] - IActivationActions_ClickNext executed in 0 seconds
2014-11-26 14:01:33,763 [TestRunnerThread] ERROR TestProj.Classes.LogWriter [(null)] - TESTCASE:VerifyActivationOneTimePinLandingPage -> APPLICATION BUTTONS DO NOT SHOW. TEST CANNOT BE CREATED!
2014-11-26 14:01:33,898 [TestRunnerThread] INFO  TestProj.Classes.LogWriter [(null)] - IActivationActions_ValidateOTPStart executed in 0 seconds
2014-11-26 14:01:39,120 [TestRunnerThread] INFO  TestProj.Classes.LogWriter [(null)] - IActivationActions_TestMandatoryFields executed in 5 seconds
2014-11-26 14:01:44,337 [TestRunnerThread] INFO  TestProj.Classes.LogWriter [(null)] - IActivationActions_TestInvalidActivationKey executed in 5 seconds
2014-11-26 14:01:45,097 [TestRunnerThread] INFO  TestProj.Classes.LogWriter [(null)] - IActivationActions_EnterAndVerifyOTPValue executed in 0 seconds
2014-11-26 14:01:45,148 [TestRunnerThread] INFO  TestProj.Classes.LogWriter [(null)] - IActivationActions_ClickNext executed in 0 seconds
2014-11-26 14:01:45,148 [TestRunnerThread] ERROR TestProj.Classes.LogWriter [(null)] - This error is not displayed due to browser always online --> O1-2-6 – You are not online. Please check your connectivity and try again
2014-11-26 14:01:45,149 [TestRunnerThread] ERROR TestProj.Classes.LogWriter [(null)] - TESTCASE:CorrectOneTimePinAndApplicationOffline -> Cannot simulate the off-line status as the browser will allways be online
2014-11-26 14:01:45,770 [TestRunnerThread] INFO  TestProj.Classes.LogWriter [(null)] - IActivationActions_VerifyLogoAndBanner executed in 0 seconds
2014-11-26 14:01:45,911 [TestRunnerThread] INFO  TestProj.Classes.LogWriter [(null)] - IActivationActions_VerifyOnlineIndicator executed in 0 seconds
2014-11-26 14:01:46,002 [TestRunnerThread] INFO  TestProj.Classes.LogWriter [(null)] - IActivationActions_VerifyPageLinks executed in 0 seconds
2014-11-26 14:01:51,045 [TestRunnerThread] INFO  TestProj.Classes.LogWriter [(null)] - IActivationActions_VerifyActivationPageNextButton executed in 5 seconds
2014-11-26 14:01:51,293 [TestRunnerThread] INFO  TestProj.Classes.LogWriter [(null)] - IActivationActions_VerifyLogoAndBanner executed in 0 seconds
2014-11-26 14:01:51,331 [TestRunnerThread] INFO  TestProj.Classes.LogWriter [(null)] - IActivationActions_VerifyOnlineIndicator executed in 0 seconds
2014-11-26 14:01:51,388 [TestRunnerThread] INFO  TestProj.Classes.LogWriter [(null)] - IActivationActions_VerifyPageLinks executed in 0 seconds
2014-11-26 14:01:51,389 [TestRunnerThread] ERROR TestProj.Classes.LogWriter [(null)] - Cannot check spelling and grammer automatically
2014-11-26 14:01:51,407 [TestRunnerThread] ERROR TestProj.Classes.LogWriter [(null)] - TESTCASE:VerifyActivationLandingPage -> What css class is used to disable the next button?
2014-11-26 14:01:51,436 [TestRunnerThread] ERROR TestProj.Classes.LogWriter [(null)] - TESTCASE:VerifyActivationLandingPage -> Cannot evaluate the color of the next button, just the css class
2014-11-26 14:01:51,436 [TestRunnerThread] ERROR TestProj.Classes.LogWriter [(null)] - TESTCASE:VerifyActivationLandingPage -> Cannot evaluate the color of the text on the next button, just the css class
2014-11-26 14:01:51,436 [TestRunnerThread] INFO  TestProj.Classes.LogWriter [(null)] - IActivationActions_VerifyOTPNextButton executed in 0 seconds
2014-11-26 14:01:51,456 [TestRunnerThread] ERROR TestProj.Classes.LogWriter [(null)] - TESTCASE:VerifyResendButton -> What css class is used to disable the next button?
2014-11-26 14:01:51,478 [TestRunnerThread] ERROR TestProj.Classes.LogWriter [(null)] - TESTCASE:VerifyActivationLandingPage -> Cannot evaluate the color of the resend button, just the css class
2014-11-26 14:01:51,478 [TestRunnerThread] ERROR TestProj.Classes.LogWriter [(null)] - TESTCASE:VerifyActivationLandingPage -> Cannot evaluate the color of the text on the resend button, just the css class
2014-11-26 14:01:51,479 [TestRunnerThread] INFO  TestProj.Classes.LogWriter [(null)] - IActivationActions_VerifyResendButton executed in 0 seconds
2014-11-26 14:01:51,503 [TestRunnerThread] ERROR TestProj.Classes.LogWriter [(null)] - TESTCASE:VerifyActivationOneTimePinLandingPage -> APPLICATION BUTTONS DO NOT SHOW. TEST CANNOT BE CREATED!
2014-11-26 14:01:51,503 [TestRunnerThread] INFO  TestProj.Classes.LogWriter [(null)] - IActivationActions_VerifyOntTimeLable executed in 0 seconds
