2014-12-04 21:44:15,587 [TestRunnerThread] INFO TestProj.Classes.LogWriter - TIMER: IAccessingApplicationActions_AddSpecialToBasket executed in 6 seconds
2014-12-04 21:44:15,852 [TestRunnerThread] INFO TestProj.Classes.LogWriter - TIMER: IAccessingApplicationActions_SwitchSpazaAndCheckBasket executed in 8 seconds
2014-12-04 21:44:20,196 [TestRunnerThread] INFO TestProj.Classes.LogWriter - Killing chromedriver.exe
2014-12-04 21:44:20,199 [TestRunnerThread] INFO TestProj.Classes.LogWriter - Chromedriver count = 0
2014-12-04 21:44:51,849 [TestRunnerThread] INFO TestProj.Classes.LogWriter - TIMER: IAccessingApplicationActions_VerifyLogoAndBanner executed in 0 seconds
2014-12-04 21:44:51,880 [TestRunnerThread] INFO TestProj.Classes.LogWriter - TIMER: IAccessingApplicationActions_VerifyOnlineIndicator executed in 0 seconds
2014-12-04 21:44:51,950 [TestRunnerThread] INFO TestProj.Classes.LogWriter - TIMER: IAccessingApplicationActions_VerifyPageLinks executed in 0 seconds
2014-12-04 21:44:51,951 [TestRunnerThread] INFO TestProj.Classes.LogWriter - TESTCASE: _01_ActivationLandingPage -> Cannot programatically check spelling and grammer
2014-12-04 21:44:51,985 [TestRunnerThread] INFO TestProj.Classes.LogWriter - TIMER: IAccessingApplicationActions_VerifyPreferedAlias executed in 0 seconds
2014-12-04 21:44:52,033 [TestRunnerThread] ERROR TestProj.Classes.LogWriter - TESTCASE: VerifySpazaName -> Mohammed Store is not configured as a spaza shop for 3012300230085
2014-12-04 21:44:57,793 [TestRunnerThread] INFO TestProj.Classes.LogWriter - TIMER: IAccessingApplicationActions_VerifySpazaName executed in 5 seconds
2014-12-04 21:44:59,377 [TestRunnerThread] ERROR TestProj.Classes.LogWriter - TESTCASE:_02_ActivationFormFieldValidation & _02_ApplicationFieldValidation -> Input field validations do not work as per test cases. Assert commented out. Helpers.TestFieldInputValidation
2014-12-04 21:44:59,377 [TestRunnerThread] ERROR TestProj.Classes.LogWriter - TESTCASE:_02_ApplicationFieldValidation -> What is supposed to happen when invalid chars are inserted in the box? is it supposed to disallow you totally, or are you supposed to get an error of some type?
2014-12-04 21:44:59,377 [TestRunnerThread] INFO TestProj.Classes.LogWriter - TIMER: IAccessingApplicationActions_VerifyAlertSearchBox executed in 0 seconds
2014-12-04 21:44:59,675 [TestRunnerThread] ERROR TestProj.Classes.LogWriter - TESTCASE:_02_ApplicationFieldValidation -> What is supposed to happen when invalid chars are inserted in the box? is it supposed to disallow you totally, or are you supposed to get an error of some type?
2014-12-04 21:45:00,229 [TestRunnerThread] ERROR TestProj.Classes.LogWriter - TESTCASE:_02_ActivationFormFieldValidation & _02_ApplicationFieldValidation -> Input field validations do not work as per test cases. Assert commented out. Helpers.TestFieldInputValidation
2014-12-04 21:45:00,496 [TestRunnerThread] INFO TestProj.Classes.LogWriter - TIMER: IAccessingApplicationActions_VerifyBaskSearchBox executed in 1 seconds
2014-12-04 21:45:06,111 [TestRunnerThread] INFO TestProj.Classes.LogWriter - TIMER: IAccessingApplicationActions_VerifySpecialAccessibility executed in 5 seconds
2014-12-04 21:46:53,134 [TestRunnerThread] INFO TestProj.Classes.LogWriter - Killing chromedriver.exe
2014-12-04 21:46:53,139 [TestRunnerThread] INFO TestProj.Classes.LogWriter - Chromedriver count = 0
2014-12-04 21:47:03,561 [TestRunnerThread] INFO TestProj.Classes.LogWriter - TIMER: IActivationActions_VerifyLogoAndBanner executed in 0 seconds
2014-12-04 21:47:03,605 [TestRunnerThread] INFO TestProj.Classes.LogWriter - TIMER: IActivationActions_VerifyOnlineIndicator executed in 0 seconds
2014-12-04 21:47:03,677 [TestRunnerThread] INFO TestProj.Classes.LogWriter - TIMER: IActivationActions_VerifyPageLinks executed in 0 seconds
2014-12-04 21:47:03,707 [TestRunnerThread] ERROR TestProj.Classes.LogWriter - TESTCASE:VerifyActivationLandingPage -> What css class is used to disable the next button?
2014-12-04 21:47:03,708 [TestRunnerThread] ERROR TestProj.Classes.LogWriter - TESTCASE:VerifyActivationLandingPage -> Cannot evaluate the color of the next button, just the css class
2014-12-04 21:47:03,708 [TestRunnerThread] ERROR TestProj.Classes.LogWriter - TESTCASE:VerifyActivationLandingPage -> Cannot evaluate the color of the text on the next button, just the css class
2014-12-04 21:47:03,708 [TestRunnerThread] INFO TestProj.Classes.LogWriter - TIMER: IActivationActions_VerifyActivationPageNextButton executed in 0 seconds
2014-12-04 21:47:03,762 [TestRunnerThread] ERROR TestProj.Classes.LogWriter - TESTCASE:VerifyActivationLandingPage -> Two extra fields found on the screen, challengeQuestion and challengeAnswer.
2014-12-04 21:47:03,762 [TestRunnerThread] INFO TestProj.Classes.LogWriter - TIMER: IActivationActions_VerifyFieldExist executed in 0 seconds
2014-12-04 21:47:03,955 [TestRunnerThread] ERROR TestProj.Classes.LogWriter - TESTCASE:_02_ActivationFormFieldValidation -> Incorrect error message. 'E1-1-7 – Please complete all fields' expercted, 'Please complete all fields. CELL NUMBER is your current cell phone number' returned. Assert commented out. ActivationAction.TestMandatoryFields
2014-12-04 21:47:03,956 [TestRunnerThread] ERROR TestProj.Classes.LogWriter - TESTCASE:_02_ActivationFormFieldValidation -> all fields must either be highlited in red or displayed on the screen. Which one?
2014-12-04 21:47:03,956 [TestRunnerThread] INFO TestProj.Classes.LogWriter - TIMER: IActivationActions_TestMandatoryFields executed in 0 seconds
2014-12-04 21:47:04,931 [TestRunnerThread] ERROR TestProj.Classes.LogWriter - TESTCASE:_02_ActivationFormFieldValidation & _02_ApplicationFieldValidation -> Input field validations do not work as per test cases. Assert commented out. Helpers.TestFieldInputValidation
2014-12-04 21:47:05,148 [TestRunnerThread] INFO TestProj.Classes.LogWriter - TIMER: IActivationActions_TestMSISDNInputValidation executed in 1 seconds
2014-12-04 21:47:05,645 [TestRunnerThread] ERROR TestProj.Classes.LogWriter - TESTCASE:_02_ActivationFormFieldValidation -> Field validation not working. Assert commented out. ActivationAction.TestUsernameInputValidation
2014-12-04 21:47:05,874 [TestRunnerThread] INFO TestProj.Classes.LogWriter - TIMER: IActivationActions_TestUsernameInputValidation executed in 0 seconds
2014-12-04 21:47:06,309 [TestRunnerThread] ERROR TestProj.Classes.LogWriter - TESTCASE:_02_ActivationFormFieldValidation -> Field validation not working. Assert commented out. ActivationAction.TestActivationKeyInputValidation
2014-12-04 21:47:06,520 [TestRunnerThread] INFO TestProj.Classes.LogWriter - TIMER: IActivationActions_TestActivationKeyInputValidation executed in 0 seconds
2014-12-04 21:47:06,882 [TestRunnerThread] ERROR TestProj.Classes.LogWriter - TESTCASE:_02_ActivationFormFieldValidation -> Field validation not working. Assert commented out. ActivationAction.TestAliasInputValidation
2014-12-04 21:47:07,086 [TestRunnerThread] INFO TestProj.Classes.LogWriter - TIMER: IActivationActions_TestAliasInputValidation executed in 0 seconds
2014-12-04 21:47:07,258 [TestRunnerThread] ERROR TestProj.Classes.LogWriter - TESTCASEActivationFormIncorrectUserDetails -> Valid MSISDN no required
2014-12-04 21:47:07,447 [TestRunnerThread] ERROR TestProj.Classes.LogWriter - TESTCASE:ActivationFormIncorrectUserDetails -> Valid UNSERNAME required
2014-12-04 21:47:07,781 [TestRunnerThread] ERROR TestProj.Classes.LogWriter - TESTCASE:_03_ActivationFormIncorrectUserDetails -> Incorrect error message. 'E1-1 -3 invalid input' expercted, 'Please complete all fields. CHALLENGE ANSWER is the answer for the above question. you need to give us your Challenge answer. Remember, this must be an answer that only you would know!' returned. Assert commented out. ActivationAction.TestInvalidActivationKey
2014-12-04 21:47:07,782 [TestRunnerThread] ERROR TestProj.Classes.LogWriter - TESTCASE:_03_ActivationFormIncorrectUserDetails -> all fields must either be highlited in red or displayed on the screen. Which one?
2014-12-04 21:47:07,782 [TestRunnerThread] ERROR TestProj.Classes.LogWriter - TESTCASE:_03_ActivationFormIncorrectUserDetails -> Invalid activation code functionality does not work. Any activation code is accepted. Assert commented out. ActivationAction.TestInvalidActivationKey
2014-12-04 21:47:07,782 [TestRunnerThread] INFO TestProj.Classes.LogWriter - TIMER: IActivationActions_TestInvalidActivationKey executed in 0 seconds
2014-12-04 21:47:08,498 [TestRunnerThread] ERROR TestProj.Classes.LogWriter - TESTCASE:ActivationFormIncorrectUserDetails -> Valid ACTIVATION No required
2014-12-04 21:47:08,736 [TestRunnerThread] ERROR TestProj.Classes.LogWriter - TESTCASE:_03_ActivationFormIncorrectUserDetails -> Incorrect error message. 'E1-1 -3 invalid input' expercted, 'Please complete all fields. USERNAME is the barcode provided to you by your Vodacom POS representative' returned. Assert commented out. ActivationAction.TestInvalidUsername
2014-12-04 21:47:08,736 [TestRunnerThread] ERROR TestProj.Classes.LogWriter - TESTCASE:_03_ActivationFormIncorrectUserDetails -> Cannot check invalid state of MSISDN. Classes 'has-error' and 'ng-invalid' not there anymore. ActivationAction.TestInvalidUsername
2014-12-04 21:47:08,946 [TestRunnerThread] INFO TestProj.Classes.LogWriter - TIMER: IActivationActions_TestInvalidUsername executed in 1 seconds
2014-12-04 21:47:09,156 [TestRunnerThread] ERROR TestProj.Classes.LogWriter - TESTCASE:ActivationFormIncorrectUserDetails -> TEST CASE DESCRIPTION INVALID: 3.1.1 Enter msisdn number > 10 , meaning 9 digit on msisdn field
2014-12-04 21:47:09,422 [TestRunnerThread] ERROR TestProj.Classes.LogWriter - TESTCASE:ActivationFormIncorrectUserDetails -> Valid UNSERNAME required
2014-12-04 21:47:09,784 [TestRunnerThread] ERROR TestProj.Classes.LogWriter - TESTCASE:_03_ActivationFormIncorrectUserDetails -> Incorrect error message. 'E1-1-7 – Please complete all fields' expercted, 'Please complete all fields. CHALLENGE ANSWER is the answer for the above question. you need to give us your Challenge answer. Remember, this must be an answer that only you would know!' returned. Assert commented out. ActivationAction.TestMSISDNLengthLimitGreater
2014-12-04 21:47:09,784 [TestRunnerThread] ERROR TestProj.Classes.LogWriter - TESTCASE:_03_ActivationFormIncorrectUserDetails -> Cannot check invalid state of MSISDN. Classes 'has-error' and 'ng-invalid' not there anymore. ActivationAction.TestMSISDNLengthLimitGreater
2014-12-04 21:47:09,999 [TestRunnerThread] INFO TestProj.Classes.LogWriter - TIMER: IActivationActions_TestMSISDNLengthLimitGreater executed in 1 seconds
2014-12-04 21:47:10,211 [TestRunnerThread] ERROR TestProj.Classes.LogWriter - TESTCASE:ActivationFormIncorrectUserDetails -> TEST CASE DESCRIPTION INVALID: 3.2.1 Enter msisdn number less than 10 , meaning 11 digit on msisdn field
2014-12-04 21:47:10,471 [TestRunnerThread] ERROR TestProj.Classes.LogWriter - TESTCASE:ActivationFormIncorrectUserDetails -> Valid UNSERNAME required
2014-12-04 21:47:10,591 [TestRunnerThread] ERROR TestProj.Classes.LogWriter - TESTCASE:ActivationFormIncorrectUserDetails -> Valid ACTIVATION No required
2014-12-04 21:47:10,747 [TestRunnerThread] ERROR TestProj.Classes.LogWriter - TESTCASE:_03_ActivationFormIncorrectUserDetails -> Incorrect error message. 'E1-1-7 – Please complete all fields' expercted, 'Please complete all fields. CHALLENGE ANSWER is the answer for the above question. you need to give us your Challenge answer. Remember, this must be an answer that only you would know!' returned. Assert commented out. ActivationAction.TestMSISDNLengthLimitSmaller
2014-12-04 21:47:10,748 [TestRunnerThread] ERROR TestProj.Classes.LogWriter - TESTCASE:_03_ActivationFormIncorrectUserDetails -> Cannot check invalid state of MSISDN. Classes 'has-error' and 'ng-invalid' not there anymore. ActivationAction.TestMSISDNLengthLimitGreater
2014-12-04 21:47:10,962 [TestRunnerThread] INFO TestProj.Classes.LogWriter - TIMER: IActivationActions_TestMSISDNLengthLimitSmaller executed in 0 seconds
2014-12-04 21:47:10,966 [TestRunnerThread] ERROR TestProj.Classes.LogWriter - TESTCASE:ActivationFormCorrectUserDetails -> CHALLENGE ANSWER is required, but the test does not specify that it needs to be filled out. UPDATE TEST
2014-12-04 21:47:11,829 [TestRunnerThread] INFO TestProj.Classes.LogWriter - TIMER: IActivationActions_TestValidMultiUserDetails executed in 0 seconds
2014-12-04 21:47:12,620 [TestRunnerThread] ERROR TestProj.Classes.LogWriter - TESTCASE:VerifyActivationOneTimePinLandingPage -> APPLICATION BUTTONS DO NOT SHOW. TEST CANNOT BE CREATED!
2014-12-04 21:47:12,664 [TestRunnerThread] ERROR TestProj.Classes.LogWriter - TESTCASE:_04_ActivationFormCorrectUserDetails & _05_VerifyActivationOneTimePinLandingPage & _09_ResendOneTimePin -> OTP MSISDN message incorrect. 'A One Time Pin has been sent to 0*****5519. Please enter the One time Pin here to continue' expercted, 'A One Time Pin has been sent to 0*1234. Please enter the One Time Pin here to continue' returned. Assert commented out. ActivationAction.VerifyOTPErrorMessage
2014-12-04 21:47:12,664 [TestRunnerThread] INFO TestProj.Classes.LogWriter - TIMER: IActivationActions_ValidateOTPStart executed in 0 seconds
2014-12-04 21:47:12,730 [TestRunnerThread] INFO TestProj.Classes.LogWriter - TIMER: IActivationActions_VerifyLogoAndBanner executed in 0 seconds
2014-12-04 21:47:12,770 [TestRunnerThread] INFO TestProj.Classes.LogWriter - TIMER: IActivationActions_VerifyOnlineIndicator executed in 0 seconds
2014-12-04 21:47:12,839 [TestRunnerThread] INFO TestProj.Classes.LogWriter - TIMER: IActivationActions_VerifyPageLinks executed in 0 seconds
2014-12-04 21:47:12,840 [TestRunnerThread] ERROR TestProj.Classes.LogWriter - Cannot check spelling and grammer automatically
2014-12-04 21:47:12,868 [TestRunnerThread] ERROR TestProj.Classes.LogWriter - TESTCASE:VerifyActivationLandingPage -> What css class is used to disable the next button?
2014-12-04 21:47:12,869 [TestRunnerThread] ERROR TestProj.Classes.LogWriter - TESTCASE:VerifyActivationLandingPage -> Cannot evaluate the color of the next button, just the css class
2014-12-04 21:47:12,869 [TestRunnerThread] ERROR TestProj.Classes.LogWriter - TESTCASE:VerifyActivationLandingPage -> Cannot evaluate the color of the text on the next button, just the css class
2014-12-04 21:47:12,869 [TestRunnerThread] INFO TestProj.Classes.LogWriter - TIMER: IActivationActions_VerifyOTPNextButton executed in 0 seconds
2014-12-04 21:47:12,896 [TestRunnerThread] ERROR TestProj.Classes.LogWriter - TESTCASE:VerifyResendButton -> What css class is used to disable the next button?
2014-12-04 21:47:12,897 [TestRunnerThread] ERROR TestProj.Classes.LogWriter - TESTCASE:VerifyActivationLandingPage -> Cannot evaluate the color of the resend button, just the css class
2014-12-04 21:47:12,897 [TestRunnerThread] ERROR TestProj.Classes.LogWriter - TESTCASE:VerifyActivationLandingPage -> Cannot evaluate the color of the text on the resend button, just the css class
2014-12-04 21:47:12,897 [TestRunnerThread] INFO TestProj.Classes.LogWriter - TIMER: IActivationActions_VerifyResendButton executed in 0 seconds
2014-12-04 21:47:12,913 [TestRunnerThread] ERROR TestProj.Classes.LogWriter - TESTCASE:VerifyActivationOneTimePinLandingPage -> APPLICATION BUTTONS DO NOT SHOW. TEST CANNOT BE CREATED!
2014-12-04 21:47:12,914 [TestRunnerThread] INFO TestProj.Classes.LogWriter - TIMER: IActivationActions_VerifyOntTimeLable executed in 0 seconds
2014-12-04 21:47:12,932 [TestRunnerThread] ERROR TestProj.Classes.LogWriter - TESTCASE:_04_ActivationFormCorrectUserDetails & _05_VerifyActivationOneTimePinLandingPage & _09_ResendOneTimePin -> OTP MSISDN message incorrect. 'A One Time Pin has been sent to 0*****5519. Please enter the One time Pin here to continue' expercted, 'A One Time Pin has been sent to 0*1234. Please enter the One Time Pin here to continue' returned. Assert commented out. ActivationAction.VerifyOTPErrorMessage
2014-12-04 21:47:12,932 [TestRunnerThread] INFO TestProj.Classes.LogWriter - TIMER: IActivationActions_VerifyOTPErrorMessage executed in 0 seconds
2014-12-04 21:47:13,372 [TestRunnerThread] ERROR TestProj.Classes.LogWriter - Inconsistant error handling. First error handled with message on screen, the rest with a popup -> Especially when the number is less than 6 chars
2014-12-04 21:47:18,575 [TestRunnerThread] ERROR TestProj.Classes.LogWriter - TESTCASE: Helpers.CheckErrorPopup -> Assert commented out.
2014-12-04 21:47:18,676 [TestRunnerThread] ERROR TestProj.Classes.LogWriter - TESTCASE: Helpers.CheckErrorPopup -> Error popup incorrect message. 'E2-0--1' displayed, 'E1-1-7 – Please complete all fields' expected.
2014-12-04 21:47:25,375 [TestRunnerThread] ERROR TestProj.Classes.LogWriter - TESTCASE: Helpers.CheckErrorPopup -> Assert commented out.
2014-12-04 21:47:25,440 [TestRunnerThread] ERROR TestProj.Classes.LogWriter - TESTCASE: Helpers.CheckErrorPopup -> Error popup incorrect message. 'E2-0--1' displayed, 'E1-1-7 – Please complete all fields' expected.
2014-12-04 21:47:26,819 [TestRunnerThread] INFO TestProj.Classes.LogWriter - TIMER: IActivationActions_ValidateOTP executed in 13 seconds
2014-12-04 21:47:26,824 [TestRunnerThread] ERROR TestProj.Classes.LogWriter - Cannot test Activation._07_CorrectOneTimePinAndApplicationOffline. Unable to simulate offline application
2014-12-04 21:47:26,829 [TestRunnerThread] ERROR TestProj.Classes.LogWriter - TESTCASE:CorrectOneTimePinAndApplicationOffline -> Incomplete test case -> Must check if application is offline
2014-12-04 21:47:26,829 [TestRunnerThread] ERROR TestProj.Classes.LogWriter - TESTCASE:_07_CorrectOneTimePinAndApplicationOffline -> Cannot test offline capability. Assert commented out. Activation._07_CorrectOneTimePinAndApplicationOffline
2014-12-04 21:47:26,970 [TestRunnerThread] INFO TestProj.Classes.LogWriter - TIMER: IActivationActions_EnterAndVerifyOTPValue executed in 0 seconds
2014-12-04 21:47:27,003 [TestRunnerThread] INFO TestProj.Classes.LogWriter - TIMER: IActivationActions_ClickNext executed in 0 seconds
2014-12-04 21:47:32,037 [TestRunnerThread] ERROR TestProj.Classes.LogWriter - TESTCASE: Helpers.CheckErrorPopup -> Assert commented out.
2014-12-04 21:47:32,089 [TestRunnerThread] ERROR TestProj.Classes.LogWriter - TESTCASE: Helpers.CheckErrorPopup -> Error popup incorrect message. 'E2-0--1' displayed, 'O1-2-8 – Passwords do not match. Please try again' expected.
2014-12-04 21:47:33,605 [TestRunnerThread] INFO TestProj.Classes.LogWriter - TIMER: IActivationActions_EnterAndVerifyOTPValue executed in 0 seconds
2014-12-04 21:47:33,672 [TestRunnerThread] INFO TestProj.Classes.LogWriter - TIMER: IActivationActions_ClickNext executed in 0 seconds
2014-12-04 21:47:38,691 [TestRunnerThread] ERROR TestProj.Classes.LogWriter - TESTCASE: Helpers.CheckErrorPopup -> Assert commented out.
2014-12-04 21:47:38,727 [TestRunnerThread] ERROR TestProj.Classes.LogWriter - TESTCASE: Helpers.CheckErrorPopup -> Error popup incorrect message. 'E2-0--1' displayed, 'O1-2-8 – Passwords do not match. Please try again' expected.
2014-12-04 21:47:39,928 [TestRunnerThread] INFO TestProj.Classes.LogWriter - TIMER: IActivationActions_ClickNext executed in 0 seconds
2014-12-04 21:47:39,988 [TestRunnerThread] ERROR TestProj.Classes.LogWriter - TESTCASE:_04_ActivationFormCorrectUserDetails & _05_VerifyActivationOneTimePinLandingPage & _09_ResendOneTimePin -> OTP MSISDN message incorrect. 'A One Time Pin has been sent to 0*****5519. Please enter the One time Pin here to continue' expercted, 'A One Time Pin has been sent to 0*1234. Please enter the One Time Pin here to continue' returned. Assert commented out. ActivationAction.VerifyOTPErrorMessage
2014-12-04 21:47:39,989 [TestRunnerThread] INFO TestProj.Classes.LogWriter - TIMER: IActivationActions_VerifyOTPErrorMessage executed in 0 seconds
2014-12-04 21:47:39,990 [TestRunnerThread] ERROR TestProj.Classes.LogWriter - TESTCASE: _09_ResendOneTimePin -> OTP NOT RECEIVED -> One Time Pin message cannot be tested as it is not displayed after the Resend Button is clicked
2014-12-04 21:47:40,093 [TestRunnerThread] INFO TestProj.Classes.LogWriter - TIMER: IActivationActions_ClickNext executed in 0 seconds
2014-12-04 21:47:40,149 [TestRunnerThread] ERROR TestProj.Classes.LogWriter - TESTCASE:_04_ActivationFormCorrectUserDetails & _05_VerifyActivationOneTimePinLandingPage & _09_ResendOneTimePin -> OTP MSISDN message incorrect. 'A One Time Pin has been sent to 0*****5519. Please enter the One time Pin here to continue' expercted, 'A One Time Pin has been sent to 0*1234. Please enter the One Time Pin here to continue' returned. Assert commented out. ActivationAction.VerifyOTPErrorMessage
2014-12-04 21:47:40,150 [TestRunnerThread] INFO TestProj.Classes.LogWriter - TIMER: IActivationActions_VerifyOTPErrorMessage executed in 0 seconds
2014-12-04 21:47:40,151 [TestRunnerThread] ERROR TestProj.Classes.LogWriter - TESTCASE: _09_ResendOneTimePin -> OTP NOT DELETE/LOST -> One Time Pin message cannot be tested as it is not displayed after the Resend Button is clicked
2014-12-04 21:47:40,444 [TestRunnerThread] INFO TestProj.Classes.LogWriter - TIMER: IActivationActions_EnterAndVerifyOTPValue executed in 0 seconds
2014-12-04 21:47:40,504 [TestRunnerThread] INFO TestProj.Classes.LogWriter - TIMER: IActivationActions_ClickNext executed in 0 seconds
2014-12-04 21:47:41,177 [TestRunnerThread] INFO TestProj.Classes.LogWriter - TESTCASE: _10_CorrectOneTimePin -> Test case passed
2014-12-04 21:47:41,397 [TestRunnerThread] INFO TestProj.Classes.LogWriter - TIMER: IActivationActions_VerifyLogoAndBanner executed in 0 seconds
2014-12-04 21:47:41,481 [TestRunnerThread] INFO TestProj.Classes.LogWriter - TIMER: IActivationActions_VerifyOnlineIndicator executed in 0 seconds
2014-12-04 21:47:41,552 [TestRunnerThread] INFO TestProj.Classes.LogWriter - TIMER: IActivationActions_VerifyPageLinks executed in 0 seconds
2014-12-04 21:47:41,553 [TestRunnerThread] INFO TestProj.Classes.LogWriter - TESTCASE: _11_SetupCatalogueLandingPage -> Cannot check spelling and grammer
2014-12-04 21:47:41,587 [TestRunnerThread] ERROR TestProj.Classes.LogWriter - TESTCASE: _11_SetupCatalogueLandingPage -> The update button is displaying but by default disabled
2014-12-04 21:47:41,588 [TestRunnerThread] INFO TestProj.Classes.LogWriter - TESTCASE: _11_SetupCatalogueLandingPage -> Cannot verify the button background colour and label text on the button
2014-12-04 21:47:41,639 [TestRunnerThread] INFO TestProj.Classes.LogWriter - TIMER: IActivationActions_VerifyCatalogueLandingPage executed in 0 seconds
2014-12-04 21:47:41,694 [TestRunnerThread] ERROR TestProj.Classes.LogWriter - TESTCASE: _12_SetupCatalogueValidations -> 1.1 (NO VALUE) -> Cannot test the error message -> E1-1-7 – Please complete all fields. Assert commented out
2014-12-04 21:47:41,694 [TestRunnerThread] ERROR TestProj.Classes.LogWriter - TESTCASE: _12_SetupCatalogueValidations -> 1.2 Cannot simulate press enter key 
2014-12-04 21:47:41,965 [TestRunnerThread] ERROR TestProj.Classes.LogWriter - TESTCASE: _12_SetupCatalogueValidations -> 1.3 (ONE CHAR) -> No error message found on page. Assert commented out
2014-12-04 21:47:42,130 [TestRunnerThread] ERROR TestProj.Classes.LogWriter - TESTCASE: _12_SetupCatalogueValidations -> 1.4 (SPECIAL CHARS) -> No error message found on page. Assert commented out
2014-12-04 21:47:42,309 [TestRunnerThread] ERROR TestProj.Classes.LogWriter - TESTCASE: _12_SetupCatalogueValidations -> 1.5 (ONLY NUMBERS) -> No error message found on page. Assert commented out
2014-12-04 21:47:42,488 [TestRunnerThread] ERROR TestProj.Classes.LogWriter - TESTCASE: _12_SetupCatalogueValidations -> 1.6 (APLHA CHARS) -> No error message found on page. Assert commented out
2014-12-04 21:47:42,704 [TestRunnerThread] ERROR TestProj.Classes.LogWriter - TESTCASE: _12_SetupCatalogueValidations -> 1.7 (APLHA + SPECIAL CHARS) -> No error message found on page. Assert commented out
2014-12-04 21:47:43,208 [TestRunnerThread] ERROR TestProj.Classes.LogWriter - TESTCASE: _12_SetupCatalogueValidations -> 1.8 (MAX LIMIT) -> Cannot test max limit as there ae no max limit set on the element. Assert commented out
2014-12-04 21:47:43,545 [TestRunnerThread] ERROR TestProj.Classes.LogWriter - TESTCASE: _12_SetupCatalogueValidations -> 1.9 (SPACES BEFORE AND AFTER) -> No error message found on page. Assert commented out
2014-12-04 21:47:43,546 [TestRunnerThread] INFO TestProj.Classes.LogWriter - TIMER: IActivationActions_TestCatalogueSeachValidation executed in 1 seconds
2014-12-04 21:47:43,769 [TestRunnerThread] ERROR TestProj.Classes.LogWriter - TESTCASE: _14_SetupCatalogueSearchFieldReturningNoResults -> Error message incorrect. 'results not found' expected, 'NUnit Wholesaler' returned. Assert commented out
2014-12-04 21:47:43,936 [TestRunnerThread] ERROR TestProj.Classes.LogWriter - TESTCASE: _15_SetupCatalogueSearchFieldFilter -> 'Test case unclear. 1.2 Select the one from the pre-populated lis'
2014-12-04 21:47:43,936 [TestRunnerThread] ERROR TestProj.Classes.LogWriter - TESTCASE: _15_SetupCatalogueSearchFieldFilter -> Test case result unclear. '1.2 The record you have selected is displayed with records that are related to that search, with their respective distance ranges' 
2014-12-04 21:47:44,150 [TestRunnerThread] ERROR TestProj.Classes.LogWriter - TESTCASE: _15_SetupCatalogueSearchFieldFilter -> POPUP only appreas when the <ENTER> button is pressed, not when the search button is clicked. Assert commented out
2014-12-04 21:47:44,328 [TestRunnerThread] INFO TestProj.Classes.LogWriter - TESTCASE: _16_SetupCatalogueLandingPageInterruptions -> Cannot set application to offlilne. Navigate away from page to emulate
2014-12-04 21:47:47,830 [TestRunnerThread] INFO TestProj.Classes.LogWriter - TESTCASE: _16_SetupCatalogueLandingPageInterruptions -> Cannot test offline error message 'O1-2-6 – You are not online. Please check your connectivity and try again'.
2014-12-04 21:47:48,677 [TestRunnerThread] ERROR TestProj.Classes.LogWriter - TESTCASE: _16_SetupCatalogueLandingPageInterruptions -> Test case incorrect (1.2). When navigating back to this page, a popup is shown with message 'E2-3-6 ->You are not online. Please check your connectivity and try again Call our call center to get assistance'
2014-12-04 21:47:48,677 [TestRunnerThread] ERROR TestProj.Classes.LogWriter - TESTCASE: _16_SetupCatalogueLandingPageInterruptions -> Test case unclear. '2.1 If the application is online and the allowable is selected and no action or record is returned'
2014-12-04 21:47:48,677 [TestRunnerThread] ERROR TestProj.Classes.LogWriter - TESTCASE: _16_SetupCatalogueLandingPageInterruptions -> Test case result unclear. '2.1 An error message is displayed E1-3-1 – No response from server, please try again”.' 
2014-12-04 21:47:48,677 [TestRunnerThread] ERROR TestProj.Classes.LogWriter - TESTCASE: _16_SetupCatalogueLandingPageInterruptions -> Test case incorrect (2.2). When navigating back to this page, a popup is shown with message 'E2-3-6 ->You are not online. Please check your connectivity and try again Call our call center to get assistance'
2014-12-04 21:47:48,924 [TestRunnerThread] ERROR TestProj.Classes.LogWriter - TESTCASE: _17_SetupCatalogueSearchFieldReturningOneOrMultipleResults -> CANNOT COMPLETE TEST -> Wholesalers with the name of 'Wholesaler[something]' needs to be added for 25,50 and 75. Single Spaza contains 5 wholesalers in 75 - 100
2014-12-04 21:47:48,924 [TestRunnerThread] ERROR TestProj.Classes.LogWriter - TESTCASE: _17_SetupCatalogueSearchFieldReturningOneOrMultipleResults -> There is no test case that caters for testing of multi spazas on manage catalogue. No testing of <NEXT. and <BACK> is done
